9 6 3 12 15 0 97 18 21 91 94 24 27 88 85 30 79 82 33 36 73 76 39 42 67 70 45 48 61 64 51 54 55 58 57 60 49 52 63 66 43 46 69 72 37 40 75 78 34 31 84 87 90 93 96 99 2 5 8 11 14 17 20 23 26 29 32 35 38 41 44 47 50 53 56 59 62 65 68 71 74 77 80 83 86 89 92 95 98 1 4 7 10 13 16 19 22 25 28
9 6
9 12
6 3
3 0
12 15
15 18
0 97
97 94
18 21
21 24
91 88
91 94
24 27
27 30
88 85
85 82
30 33
79 76
79 82
33 36
36 39
73 70
73 76
39 42
42 45
67 64
67 70
45 48
48 51
61 58
61 64
51 54
54 57
55 52
55 58
57 60
60 63
49 46
49 52
63 66
66 69
43 40
43 46
69 72
72 75
37 34
37 40
75 78
34 31
31 28
84 87
87 90
90 93
93 96
96 99
99 2
2 5
5 8
8 11
11 14
14 17
17 20
20 23
23 26
26 29
29 32
32 35
35 38
38 41
41 44
44 47
47 50
50 53
53 56
56 59
59 62
62 65
65 68
68 71
71 74
74 77
77 80
80 83
83 86
86 89
89 92
92 95
95 98
98 1
1 4
4 7
7 10
10 13
13 16
16 19
19 22
22 25
25 28