69 70 68 67 66 50 57 60 61 62 63 64 65 71 72 73 74 75 76 77 78 79 80 92 81 90 91 93 94 95 96 97 98 99 22 23 25 88 89 26 27 28 29 30 31 32 33 34 35 21 0 18 19 36 37 51 52 53 54 55 56 58 59 1 2 4 6 7 8 9 10 3 5 40 44 45 46 47 48
69 70
69 68
68 67
67 66
66 65
50 57
50 60
50 25
50 51
50 52
50 53
50 54
50 55
50 56
50 58
50 59
57 71
60 61
60 81
61 62
62 63
63 64
64 65
71 0
71 3
71 5
71 44
71 72
72 73
73 74
74 75
75 76
76 77
77 78
78 79
79 80
92 91
81 89
81 88
81 90
90 91
91 93
91 94
91 95
91 96
91 97
91 98
91 99
22 23
22 21
25 26
25 27
25 28
25 29
25 30
25 31
25 32
25 33
25 34
25 35
26 36
21 19
0 1
0 2
0 4
0 6
0 7
0 8
0 9
0 10
0 18
18 19
36 37
40 44
44 45
45 46
45 47
45 48