0 4 8 9 11 90 53 20 22 24 28 32 73 78 50 51 63 43 27 37 52 58 60 2 31 7 23 25 26 54 3 5 40 93 94 15 10 12 13 16 17 70 85 87 61 96 98 34 39 48 35 33 67 41 62 36 21 30 69 83 84 82 45
0 4
4 31
4 22
4 9
8 11
8 5
8 7
9 90
11 45
11 90
11 63
11 53
90 78
90 94
53 15
20 28
22 24
22 26
28 26
32 50
32 78
32 30
73 78
78 70
50 51
50 25
51 37
63 40
63 60
43 27
27 61
27 54
37 35
37 52
37 33
52 58
52 54
60 67
2 23
31 48
23 26
23 21
23 69
25 62
3 17
3 5
93 94
10 70
12 13
12 96
12 16
16 87
85 87
87 61
96 98
96 34
34 39
35 84
33 36
41 62
83 84
82 45