66 4 75 14 18 85 24 57 28 29 62 12 13 89 31 39 7 10 80 23 64 77 43 48 52 96 67 50 33 74 92 32 99 40 72 79 58 94 71 27 3 83 21 76 35 69 88 78 55 30 95 19 42 25 5 17 82 56 98 44 45 51 0 6 86 8 1 61 87 65 47 54 36 49 73 38 37 22 63 46
66 14
66 85
66 96
66 78
4 57
4 17
75 24
75 57
75 74
14 24
14 52
14 63
18 62
18 85
18 40
18 25
85 10
24 12
24 21
24 23
57 89
57 76
57 55
57 94
28 29
29 62
12 13
13 3
13 83
89 31
31 32
31 36
31 38
39 80
7 23
10 80
10 95
80 69
64 77
64 65
77 17
43 48
43 52
43 82
52 71
52 44
96 50
67 50
50 56
33 74
33 92
74 35
32 99
99 42
40 58
72 58
72 79
79 5
58 87
27 38
69 88
69 0
78 30
78 19
95 98
95 73
42 8
5 49
98 45
98 51
0 6
0 86
8 1
1 61
65 47
47 54
37 22
22 63
22 46