34 46 81 19 54 95 32 47 66 36 10 43 13 20 58 0 89 96 27 37 6 16 63 68 85 57 91 38 77 53 93 69 64 75 88 39 29 9 62 74 97 55 26 94 71 78 98 40 48 35 8 61 90 33 3 70 92 4 21 41 22 12 50 51 99 25 82 17 56 11 80 18 84 45 42 7 1 28
34 19
34 54
46 54
81 95
81 10
54 89
54 90
54 85
95 77
32 47
32 97
47 93
66 74
66 29
66 43
66 20
36 20
36 68
43 13
58 62
0 82
89 27
96 27
96 39
96 82
37 51
37 16
6 63
6 29
16 25
16 63
16 9
85 50
85 91
85 94
57 94
57 80
57 18
38 77
38 53
38 93
38 88
53 9
69 9
69 64
64 75
64 7
88 84
39 29
9 62
97 26
55 94
71 78
71 8
98 48
98 40
40 70
40 17
35 8
35 41
8 61
61 11
61 12
90 22
33 3
33 70
3 92
70 1
70 41
4 21
21 99
41 42
12 99
99 25
82 56
17 28
84 45