38 9 81 86 57 46 78 43 77 49 24 97 98 33 69 20 53 99 74 63 75 44 67 29 30 39 32 37 54 28 0 61 41 52 59 6 95 21 72 14 27 90 34 40 79 62 2 23 94 87 1 51 82 11 45 3 10 93 55 8 12 4 17
38 78
38 97
38 57
38 86
9 81
81 0
81 99
81 39
81 87
57 49
46 21
78 82
78 67
78 29
43 21
43 6
43 24
43 34
43 40
77 24
77 90
77 27
97 20
97 32
98 20
98 53
98 52
98 41
98 59
33 79
33 21
69 53
20 94
53 74
99 2
99 21
74 63
74 72
63 90
63 28
75 21
75 44
44 93
67 11
29 30
29 54
39 3
32 37
61 14
59 45
59 62
6 95
72 1
72 51
14 27
23 94
94 4
87 55
51 8
3 10
8 12
4 17