73 12 29 61 62 1 30 74 16 21 86 88 89 91 34 41 76 42 77 78 17 0 96 75 79 18 51 5 68 69 70 14 3 35 71 72 15 4 37 39 7 46 48 80 58 40 60 52 9 53 47 54 19 84 83 23 95 33 63 65 13 81 99 28 36 11 66 22 93 90 92 87 56 25 26 82 2 31 64 27 32 20 94 10 57 6 43 45 38 44 8 85 50 49
73 16
73 29
12 61
12 62
12 63
29 1
62 46
62 65
1 30
1 28
30 34
30 68
74 86
74 16
74 42
16 75
21 88
21 90
21 89
86 88
86 20
89 66
91 22
34 3
41 5
76 17
42 5
42 64
42 77
42 31
77 17
78 17
0 26
0 25
0 27
96 23
79 18
79 51
18 81
18 80
51 8
5 40
69 14
69 70
70 15
70 27
3 35
3 36
71 15
72 15
4 39
4 37
4 38
37 60
7 47
7 46
7 48
80 58
58 11
58 92
40 60
60 11
52 9
9 54
9 53
47 84
47 54
19 83
19 82
19 84
23 95
23 94
95 43
95 93
33 2
33 99
65 13
13 66
22 92
22 93
87 20
87 26
56 10
56 25
2 32
2 31
20 85
10 57
6 45
6 44
44 85
8 50
8 49