0 2 55 63 64 65 66 68 69 70 71 74 75 76 77 78 82 83 86 89 92 93 94 95 96 97 98 99 1 38 28 3 6 21 31 5 14 42 7 59 37 9 10 43 11 34 50 12 13 18 25 53 24 27 54 51 26 30 35 33 57 32 36 46 49 60
0 2
0 55
0 98
0 64
0 76
0 70
0 95
0 68
0 69
0 89
0 86
0 93
0 78
0 66
0 83
0 99
0 74
0 96
0 94
0 75
0 71
0 77
2 28
55 25
55 9
63 5
64 6
65 7
68 10
70 12
71 13
74 18
77 21
82 26
86 31
92 37
93 38
97 42
1 38
3 6
5 42
5 14
42 24
42 49
7 59
59 36
37 46
10 43
43 60
11 34
11 50
50 57
25 51
25 54
53 32
53 57
24 27
27 33
27 35
27 57
54 36
51 32
26 30
30 35
46 49