0 9 15 25 26 27 1 19 22 4 28 29 30 2 14 23 31 32 33 3 35 36 7 37 38 39 5 21 20 40 41 42 6 16 43 46 47 48 8 18 49 50 51 11 52 55 57 60 12 62 63 13 24 64 67 68 69 70 71 73 74 75 17 78 79 80 81 83 86 87 89 90 91 92 93 94 95 97 98
0 26
0 27
0 25
9 52
15 70
15 71
25 42
26 28
27 95
27 93
1 29
1 28
19 83
22 91
22 93
22 92
4 38
4 39
4 37
28 50
29 36
30 83
2 32
2 31
2 33
14 68
14 67
14 69
23 94
23 95
32 52
33 69
3 36
3 35
36 47
36 73
7 48
7 47
7 46
37 60
39 94
5 40
5 41
5 42
21 90
21 89
20 86
20 87
40 55
6 43
16 74
16 73
43 93
47 67
48 78
8 50
8 49
18 79
18 81
18 80
49 86
51 81
11 60
52 75
57 71
57 64
12 62
12 63
62 79
63 97
13 64
24 97
24 98
68 97
70 75
17 78
80 90
83 98