22 23 24 11 12 13 14 17 20 26 27 29 33 31 5 7 8 9 34 36 37 38 39 1 2 98 96 41 42 40 43 45 48 51 53 54 57 60 62 64 66 68 69 71 74 75 78 80 82 84 87 90 47 50 52 83 86 81 56 67 72 70
22 20
22 24
22 23
23 26
11 13
11 14
12 13
12 9
14 17
17 20
26 27
27 29
29 31
33 34
33 31
5 2
5 7
7 8
8 9
34 36
36 39
37 38
38 39
38 41
1 98
2 98
98 96
41 42
42 40
40 43
43 45
45 48
48 51
51 53
53 54
53 52
53 50
54 56
54 57
57 60
60 62
62 64
64 66
66 68
68 67
68 70
68 69
69 71
71 74
74 75
74 72
75 78
78 80
80 82
82 83
82 84
84 87
87 90
47 50
83 81
83 86