0 22 25 27 1 12 14 7 28 29 30 2 6 31 32 33 3 16 24 34 35 36 4 9 21 37 39 5 40 41 43 44 20 46 47 8 50 51 10 54 17 55 56 57 11 18 58 60 63 13 64 67 68 69 15 70 72 19 73 74 76 77 78 79 81 83 84 23 86 88 93
0 27
0 25
22 93
27 83
1 30
1 28
1 29
12 63
14 68
14 69
14 67
7 47
7 46
28 60
29 47
2 33
2 32
2 31
6 44
6 43
31 36
31 43
32 72
3 34
3 35
3 36
3 24
16 73
16 74
34 37
35 83
4 37
4 39
9 54
21 88
39 40
5 40
5 41
40 93
43 76
44 86
20 86
20 23
47 76
8 50
8 51
50 77
10 55
10 57
10 56
54 55
17 76
17 77
17 78
55 68
57 86
57 88
11 60
11 58
18 79
18 81
63 69
13 64
64 68
15 72
15 70
70 81
19 83
19 84
73 86