98 39 12 21 91 95 33 67 6 53 23 41 90 65 38 48 81 10 36 71 97 80 87 56 26 93 13 89 25 79 51 77 18 11 68 84 63 83 22 86 49 99 72 44 82 8 88 9 43 15 3 52 61 20 92 34 4 60 28 2 75 0 17 5 24 64 57 54 35 76 40 37 32 96 62
98 91
39 91
12 95
12 0
21 95
91 23
91 61
95 49
95 60
33 97
33 53
33 4
33 71
67 10
67 6
67 54
6 75
6 89
53 23
41 90
41 38
41 4
65 38
65 52
38 34
48 81
48 68
48 76
48 35
48 75
36 71
71 89
97 64
97 93
97 83
80 56
87 99
87 28
87 26
87 56
56 9
26 93
26 17
93 2
93 84
13 25
13 11
89 25
79 57
79 51
77 18
77 0
11 96
84 63
83 92
22 72
22 86
86 88
49 82
99 72
99 62
44 82
8 88
9 32
9 60
9 37
9 15
43 15
3 52
20 92
5 24
24 62
64 57
40 37