32 97 98 96 31 99 30 94 95 93 92 29 90 91 28 88 89 27 86 87 26 84 85 25 82 83 24 80 81 23 78 79 22 76 77 21 74 75 20 72 73 19 1 2 3 4 5 6 7 8 9 10 11 12 13 14 15 16 17 18 35 37 39 41 43 45 47 49 51 53 55 57 59 61 63 65 67 69 71 70 68 66 64 62 60 58 56
32 97
32 99
32 98
97 31
96 31
31 95
30 93
30 95
30 94
93 29
92 29
29 91
90 28
91 28
28 89
88 27
89 27
27 87
86 26
87 26
26 85
84 25
85 25
25 83
82 24
83 24
24 81
80 23
81 23
23 79
78 22
79 22
22 77
76 21
77 21
21 75
74 20
75 20
20 73
72 19
73 19
19 71
1 35
1 37
2 37
2 39
3 39
3 41
4 41
4 43
5 43
5 45
6 45
6 47
7 47
7 49
8 49
8 51
9 51
9 53
10 53
10 55
11 55
11 57
11 56
12 57
12 59
12 58
13 59
13 61
13 60
14 61
14 63
14 62
15 63
15 65
15 64
16 65
16 67
16 66
17 67
17 69
17 68
18 69
18 71
18 70