66 59 21 0 96 34 7 73 41 57 61 58 38 67 50 28 24 63 35 16 52 4 44 19 54 8 74 25 29 32 51 64 97 42 46 49 37 22 23 10 76 85 26 87 98 47 84 15 3 70 11 77 2 17 13 27 36 39 94 40 80 86 92 93 33 91 89 31 79
66 57
66 21
59 58
59 21
0 16
0 91
0 98
0 84
0 89
0 74
0 97
0 73
0 79
0 92
96 41
34 61
34 41
34 8
7 28
7 19
7 57
41 63
58 38
38 64
67 28
67 50
28 29
28 87
24 63
35 52
35 16
16 15
52 37
52 8
4 54
44 19
44 49
19 11
54 2
54 32
8 25
29 10
32 23
32 51
51 13
64 26
42 46
42 37
49 47
37 22
37 93
22 23
10 76
85 26
98 47
3 11
3 70
11 77
2 17
17 80
13 36
13 27
27 40
27 86
39 40
39 94
33 91
89 31