0 1 6 7 8 9 10 2 3 4 5 17 12 21 29 34 39 44 53 54 56 60 67 71 73 83 84 88 90 96 14 22 23 24 27 18 28 33 25 19 30 35 31 36 72 74 81 75 80 76 78 42 68 69 70 77 66 48 51 58 59
0 1
0 6
0 2
0 3
0 5
6 8
6 10
6 7
6 12
7 9
8 14
9 4
17 12
12 18
21 29
21 18
29 23
29 34
29 24
34 39
39 44
39 36
44 42
44 53
53 56
54 59
54 60
54 56
60 67
67 71
71 73
73 72
73 83
83 88
84 88
84 90
90 96
22 23
22 25
24 27
24 28
18 19
28 35
28 33
33 30
35 31
72 74
72 75
72 76
74 81
75 80
76 77
76 78
68 69
69 66
70 77
70 66
48 58
48 51
58 59