0 6 26 1 15 2 29 30 14 32 33 3 19 9 34 35 4 12 37 38 5 20 40 42 18 10 44 45 7 11 47 48 8 49 50 51 52 53 54 23 16 55 56 57 22 24 58 59 61 63 13 64 66 21 67 69 72 73 74 75 17 77 78 79 82 86 88 92 93 94 99
0 26
6 44
6 45
26 52
1 30
1 29
15 72
2 32
2 33
29 59
30 74
14 69
14 67
32 57
3 35
3 34
19 82
9 54
9 52
9 53
34 64
35 54
4 37
4 38
12 61
12 63
37 44
38 77
5 42
5 40
20 86
40 44
42 88
18 79
10 56
10 57
10 55
44 56
7 47
7 48
11 58
11 59
48 79
48 74
8 49
8 51
8 50
51 92
53 63
23 94
16 73
16 75
16 74
56 93
57 99
57 94
22 92
22 93
24 99
58 86
63 67
13 66
13 64
64 77
64 72
66 73
21 88
17 77
17 78
82 92