32 71 47 82 19 84 53 9 54 10 79 80 18 55 56 83 34 3 81 0 26 27 44 6 45 8 49 67 68 14 40 73 75 16 90 74 52 20 86 87 36 30 85 24 99 97 4 37 38 57 98 65 66 43 13 69 51 92 93 22 91 7 48 61 33 35 2 21 1 28 60 29 64 88 31 23 94 95 63 42 25 50 96 39 62 11 78 59 72 15 58 12 46 70 77 17 5 41 76
32 2
32 47
71 15
47 7
47 53
47 99
82 19
82 40
19 84
19 83
53 9
9 54
9 52
10 56
10 55
79 18
80 18
80 56
18 81
56 44
83 26
34 3
3 36
0 27
0 26
0 25
26 61
27 65
27 98
44 6
6 45
6 43
8 50
8 51
8 49
67 14
67 50
68 14
14 69
40 75
73 16
75 16
75 86
16 74
90 21
20 86
20 85
20 87
36 30
30 1
24 98
24 97
99 92
97 38
4 37
4 39
4 38
37 57
65 13
66 13
66 43
13 64
69 70
92 22
93 22
22 91
7 48
7 46
48 61
61 63
61 12
33 2
33 35
2 31
21 88
1 29
1 28
60 29
60 11
88 95
23 95
23 94
23 96
95 62
63 41
42 5
25 78
62 12
11 59
11 58
78 17
78 59
72 15
72 58
15 70
77 17
17 76
5 41