35 36 7 8 9 19 88 18 51 52 0 75 22 1 45 26 27 63 79 17 85 96 10 11 46 94 95 98 99 74 81 72 73 37 24 23 20 32 12 56 57 38 50 82 42 43 39 44 64 83 78 53 54 97 33 77 34 71 80 55 69 70 41 89 68 87 40 61 62 28 29 76 60 58 59 30 2 4 13 65 5 6 14 15 25 92 66 31 3 93 84 16 67 49 86 47 48 91
35 11
35 36
7 19
8 9
8 41
8 98
9 88
19 18
18 50
18 51
52 87
0 63
0 99
0 75
0 1
75 22
45 44
45 33
26 3
26 61
27 63
63 64
79 71
79 85
79 78
17 16
17 84
96 95
96 97
10 46
11 12
46 94
46 47
94 95
94 89
94 93
95 72
98 97
98 99
74 73
74 81
81 82
81 58
81 80
72 73
73 42
37 29
37 38
24 23
24 89
20 55
32 57
12 56
12 13
12 87
56 91
56 57
38 50
38 68
50 49
82 66
42 43
43 44
39 44
39 84
64 83
78 77
78 54
53 54
54 76
97 86
33 71
33 34
71 70
55 60
69 70
41 40
40 62
61 60
28 76
29 30
60 59
58 59
59 92
2 13
2 4
4 49
13 14
13 86
65 16
5 6
6 15
14 15
25 92
66 67
66 31
67 48