0 23 26 27 1 20 30 2 11 16 9 31 32 33 3 7 35 36 4 10 8 37 38 5 17 40 41 42 6 43 44 47 48 12 24 49 51 52 53 56 57 58 59 60 61 62 63 13 21 14 65 15 22 70 72 73 74 76 77 78 18 80 19 88 92 93 95 96
0 26
0 27
23 96
23 95
27 76
27 80
1 30
1 20
20 19
30 35
2 32
2 31
2 33
11 58
11 60
11 59
16 74
16 73
9 53
32 61
32 42
3 36
3 35
7 48
7 47
36 77
4 38
4 37
10 56
10 57
8 51
8 49
8 24
38 88
38 56
5 41
5 42
17 76
17 77
17 78
40 61
6 44
6 43
44 78
47 51
12 63
12 62
12 61
51 77
52 57
53 93
56 92
58 77
58 70
60 92
62 73
63 95
13 65
21 88
14 22
65 73
15 70
15 72
22 93
22 92
70 95
18 80