0 39 48 22 86 93 42 88 32 40 82 43 16 20 21 24 31 46 92 73 18 3 62 5 63 64 6 65 8 50 25 26 34 37 44 90 59 80 27 29 71 11 75 85 35 94 15 19 52 58 2 13 7 12 17 53 81 1 54 23 57 56 4 9 70 76 77 89 99
0 23
0 82
0 86
0 80
0 94
0 71
0 93
0 63
0 70
0 92
0 73
0 88
0 64
0 65
39 12
48 22
22 20
42 4
32 40
32 9
40 3
43 21
43 20
43 89
16 31
20 34
20 75
21 50
21 24
21 76
24 26
24 31
31 15
31 81
46 58
18 56
3 62
5 11
64 6
65 8
50 35
50 25
25 59
25 77
34 37
37 85
44 2
44 90
59 11
59 29
59 99
27 29
15 13
15 19
19 52
19 17
19 54
52 58
2 13
7 53
7 12
17 53
53 9
1 54
54 56
54 57
54 23
4 9