0 33 35 3 1 4 5 7 8 9 10 11 12 13 14 15 16 17 18 19 20 21 22 24 26 27 28 29 30 31 32 79 23 36 2 37 39 38 40 41 45 6 46 48 49 51 52 50 54 56 60 58 66 68 75 76 25 83 81 84 82 80 78
0 33
0 1
33 35
3 39
3 8
3 40
3 12
1 36
1 20
1 13
4 41
4 6
4 29
4 31
4 27
5 19
7 48
7 17
8 49
8 50
8 21
8 19
9 52
9 26
9 51
9 30
10 54
10 21
11 15
12 58
13 60
13 18
13 22
14 23
15 24
15 19
15 16
16 66
17 68
19 23
20 32
21 76
21 75
24 82
24 81
28 2
79 23
23 80
2 37
37 39
38 40
45 6
6 46
46 48
49 51
54 56
60 58
66 68
25 84
83 81
84 82
80 78