0 2 74 35 20 44 14 11 48 92 60 12 28 58 79 83 49 53 5 27 63 29 39 7 34 72 8 69 32 65 97 81 54 85 10 70 88 82 36 41 62 23 15 51 86 25 89 96 22 67 56 37 24 75 94 64 61 38 33 68 40 84 93 43 73 78 80 76
0 10
2 74
74 41
74 97
35 10
35 65
35 76
20 49
20 25
44 33
44 89
44 40
14 73
14 61
11 82
48 70
92 79
60 34
12 32
28 61
58 80
79 85
79 83
83 96
83 81
49 43
49 53
5 68
27 29
63 15
63 73
29 36
39 38
39 61
7 72
34 75
72 96
8 93
8 62
8 64
69 62
32 70
65 37
97 24
97 22
81 64
81 94
81 78
54 24
54 96
70 78
70 80
88 67
82 75
82 67
36 24
36 56
41 84
23 89
51 43
86 40
89 43
22 76
56 38
75 40
94 43
68 76