39 13 18 51 22 72 32 8 23 40 20 92 99 98 84 2 41 79 94 36 45 15 96 1 69 64 37 95 16 49 28 57 70 63 78 0 86 43 47 61 97 44 60 73 89 12 53 85 56 17 52 24 10 29 11 27 34 55 91 31 14 42 19 48 88 3 82 7 90 30 80
39 22
13 95
18 92
18 22
51 64
51 99
51 72
22 7
72 32
72 82
8 23
8 73
23 60
23 17
40 73
20 92
92 70
99 79
98 69
98 31
98 84
2 94
2 16
41 79
41 14
41 56
94 43
36 15
36 45
36 12
45 49
96 88
96 1
1 85
1 29
69 29
37 49
95 97
95 28
95 60
16 49
49 88
28 63
28 56
57 17
70 63
63 30
78 80
78 52
78 7
0 86
0 17
43 61
43 47
61 19
97 44
44 24
89 53
12 53
12 34
85 56
85 90
10 29
29 27
11 27
34 3
34 91
55 91
42 19
48 88