64 33 42 10 79 81 51 23 54 55 56 89 26 62 67 70 38 73 49 17 52 91 28 39 15 93 46 22 43 12 75 4 8 45 99 82 68 69 71 11 44 87 95 32 6 40 2 36 5 16 18 83 90 97 80 20 85 60 14 86 66 3 74 53 58 92 29 88 78 34 7 37 72 21 30 27 77 47 76 48 24 19 0 61 94 59 41 9 31 50 98 63 1 96 13
64 62
64 6
64 79
33 54
33 23
33 50
42 26
42 55
10 51
10 89
10 8
79 81
81 89
51 87
23 12
56 49
89 77
26 62
67 38
67 28
67 8
70 52
70 28
38 73
73 91
49 15
17 46
17 52
91 40
39 93
39 15
15 90
93 99
46 22
43 75
43 12
4 45
4 8
45 82
99 86
82 31
68 2
68 11
68 44
69 71
69 29
11 87
11 88
44 95
44 0
87 97
95 13
32 85
40 80
40 1
2 36
36 83
5 83
5 18
16 90
16 9
90 78
97 34
80 14
80 60
20 60
20 41
20 85
14 74
14 86
66 96
66 74
3 92
3 53
3 37
53 0
58 92
58 29
34 7
7 48
37 30
72 27
72 50
72 59
21 30
21 27
21 94
47 94
76 24
76 61
19 59
0 98
61 98
41 63