65 99 71 7 17 49 20 98 0 76 19 56 91 2 4 70 96 36 52 15 39 6 46 87 14 16 28 48 73 57 92 32 69 68 12 33 38 90 37 24 64 41 42 27 86 60 61 51 31 78 54 26 82 75 77 35 55 84 29 85 44 13 10 79 40 30 63 74 11 94 47 53 25 22
65 49
65 98
99 20
99 17
71 87
71 20
71 91
7 17
49 68
98 86
0 56
76 70
76 91
76 96
19 56
56 29
91 69
2 4
2 70
4 63
96 36
96 37
96 94
36 48
36 52
52 75
52 54
15 39
39 77
6 28
6 46
87 53
14 28
16 85
16 11
16 28
73 68
57 92
57 29
92 31
32 69
32 44
32 12
69 51
68 31
68 35
33 90
38 90
90 30
90 40
90 13
24 94
64 94
41 86
41 27
42 86
42 61
86 10
60 61
61 84
51 85
78 74
78 54
54 82
54 26
75 77
35 55
84 22
29 13
44 10
10 79
40 25
94 47