5 6 14 15 16 17 18 30 31 39 40 48 49 55 56 64 65 73 74 93 94 95 96 97 98 99 79 87 88 92 81 82 83 84 85 78 86 76 77 80 89 90 91 23 0 1 7 12 13 24 75 4 2 9 10 19 3 8 21 22 20 11 67 68 69 70 72 71 60 50 53 54 62 63 66 61 51 52 57 59 32 33 58 26 25 29 35 27 34 28 45 46 44 47 38 36 37 41 42 43
5 6
5 14
5 0
6 23
6 7
14 15
14 13
15 16
15 24
16 17
17 18
17 12
18 19
18 49
30 31
30 39
30 25
31 48
31 32
39 40
39 38
40 74
40 41
48 49
48 47
55 56
55 64
55 50
56 73
56 57
64 65
64 63
65 66
65 99
73 74
73 72
93 94
93 92
94 95
94 85
95 96
96 97
96 83
97 98
98 99
98 81
79 88
79 78
79 75
87 88
87 92
88 89
81 82
81 80
82 76
83 84
84 77
85 86
89 90
90 91
23 22
0 4
0 1
1 2
7 8
12 11
4 3
2 9
9 10
19 20
8 21
67 68
67 66
67 62
68 69
69 70
69 60
70 71
71 58
60 61
60 59
50 54
50 51
53 54
53 52
32 33
32 26
33 46
33 34
26 27
25 29
29 28
35 34
35 44
35 36
45 46
44 43
38 37
37 42