0 14 25 27 1 20 3 28 30 2 17 31 32 7 18 15 34 36 4 8 6 37 39 5 19 40 41 42 12 22 43 44 45 47 48 49 50 9 53 10 24 55 56 57 11 58 59 61 62 13 21 64 65 23 68 69 71 72 16 74 76 77 78 79 83 85 87 88 90 92 93 95 96 98 99
0 25
0 27
14 69
14 68
27 61
27 77
1 28
1 30
20 85
20 87
3 34
3 36
28 87
2 31
2 32
17 78
17 77
17 76
31 45
32 72
7 47
7 48
18 79
15 72
15 71
36 50
4 37
4 39
8 50
8 49
6 44
6 43
37 49
5 42
5 41
19 83
40 90
41 69
12 61
12 62
22 92
22 93
43 47
43 95
44 83
45 87
45 62
49 96
9 53
53 55
10 56
10 55
10 57
24 98
24 99
55 79
56 76
57 90
11 59
11 58
59 88
62 99
62 68
13 65
13 64
21 88
21 90
64 77
23 96
23 95
71 92
16 74
74 78
78 95