0 1 11 5 2 25 26 27 8 28 29 6 24 32 33 3 16 14 34 4 10 37 15 23 42 43 44 7 9 46 47 51 18 53 54 55 58 59 60 12 21 61 63 13 22 64 20 67 68 69 70 72 74 75 17 76 78 80 19 82 84 85 86 87 94 95 96
0 26
0 27
0 25
1 28
1 29
11 58
11 60
11 59
5 42
2 32
2 33
25 43
27 32
8 51
28 34
28 51
6 43
6 44
24 18
32 42
32 75
3 34
16 74
16 75
14 67
14 69
14 68
4 37
10 55
37 84
15 72
15 70
23 95
23 96
23 94
7 47
7 46
9 53
9 54
46 95
47 80
51 85
18 80
53 74
54 96
54 87
55 61
58 94
60 78
12 61
12 63
12 21
61 82
63 87
13 64
13 22
64 68
20 85
20 87
67 95
72 87
17 76
17 78
19 82
19 84
86 95