0 74 88 5 65 1 31 54 50 2 37 91 82 64 35 6 96 32 87 90 48 8 41 47 11 89 95 59 24 13 16 14 81 28 15 79 17 43 18 99 45 71 62 20 52 23 83 30 53 69 93 49 33 34 57 40 80 44 46 66 67 58 60 70 84 97 98
0 88
0 5
74 97
88 8
88 23
5 35
5 97
65 70
1 50
31 41
31 58
31 69
54 11
54 79
50 35
50 66
2 91
2 98
37 71
82 80
64 18
64 70
35 20
6 32
6 87
6 96
96 16
32 8
90 57
90 62
48 15
48 18
8 41
47 46
11 89
95 24
59 43
24 84
24 46
13 97
14 81
14 46
14 53
14 80
14 28
81 44
28 49
15 62
79 53
17 98
17 52
43 80
18 45
99 44
45 34
71 58
62 80
20 52
23 83
83 46
30 93
30 67
30 49
93 33
34 40
60 70