98 74 64 65 71 22 27 36 75 44 47 16 50 82 54 34 6 89 59 60 86 57 94 53 7 11 81 19 80 56 31 30 2 42 58 96 10 61 33 67 13 93 95 97 37 26 52 85 39 14 72 69 55 87 35 49 12 51 29 0 32 23 3 25 68 18 46 15 40 17 83 63 41 28 88 21 8 79 20 77 92 4 66 24
98 74
98 64
74 75
74 0
64 22
64 81
65 27
65 52
71 89
71 14
71 22
27 94
36 56
36 16
75 50
44 82
47 50
16 54
50 34
50 53
50 68
82 54
82 80
54 25
6 96
89 59
59 60
60 2
86 94
86 57
86 37
94 80
53 31
7 19
7 11
81 19
19 30
80 58
30 12
30 83
42 39
42 33
42 14
42 96
42 72
58 3
58 18
58 10
10 69
10 61
61 14
33 67
67 13
67 26
13 95
93 95
97 23
97 49
97 37
37 21
37 55
52 85
39 63
87 23
35 49
12 51
51 29
51 66
0 32
32 88
23 46
3 28
46 15
15 24
40 17
17 41
41 4
41 21
28 92
28 8
8 79
8 20
77 66