72 84 86 90 91 93 73 74 85 75 76 77 78 87 79 62 63 0 82 89 92 48 24 51 25 26 52 27 54 56 28 59 29 30 60 68 69 70 83 71 81 88 6 12 7 31 15 40 20 42 21 45 22 46 23 66 67 80 36 18 39 19 64 65 9 2 4 33 8 16
72 48
72 84
84 90
84 73
86 91
86 76
86 77
90 85
90 93
91 87
91 93
93 0
73 51
74 52
74 85
85 75
75 54
76 56
77 59
78 60
78 87
87 79
79 62
79 63
63 31
0 92
82 69
82 68
82 89
89 92
89 83
92 88
48 24
51 25
25 12
26 52
27 54
56 28
59 29
30 60
68 40
69 42
70 45
70 83
83 71
71 46
81 66
81 67
81 88
88 80
6 12
7 15
31 15
40 20
42 21
45 22
46 23
66 36
67 39
80 65
80 64
36 18
39 19
19 9
64 33
2 4
4 8
33 16
8 16