2 3 4 7 6 8 12 13 14 11 15 16 19 20 23 17 22 25 26 24 27 29 30 31 32 33 34 35 36 41 42 39 43 46 40 45 47 48 50 51 53 54 57 55 56 59 60 61 64 68 62 63 65 66 69 71 73 74 75 76 78 79 82 96 99 87 92 84 85 86 91 94 95 88 83 81
2 3
3 7
4 7
7 8
7 6
7 12
12 17
12 13
13 14
11 15
11 16
16 20
19 23
20 23
23 26
17 22
22 24
25 26
25 29
24 27
27 30
29 30
30 35
30 34
30 31
32 33
33 34
34 39
35 36
35 40
36 41
42 46
42 39
43 46
46 48
40 45
45 47
48 50
50 53
51 54
53 57
54 57
54 55
57 61
57 56
57 62
59 60
60 61
61 65
61 66
64 68
68 63
62 63
66 69
69 73
71 74
73 75
74 76
75 78
76 79
78 82
79 82
82 81
82 83
82 87
82 86
96 99
96 92
87 92
87 88
84 85
85 86
86 91
91 94
91 95