0 10 25 26 27 1 29 30 2 6 31 33 3 22 23 11 35 4 5 38 39 19 42 16 43 44 45 7 20 47 8 18 49 51 9 12 52 54 55 57 58 59 60 61 13 17 14 21 68 71 74 77 24 80 81 88 89 91 92 95 96
0 27
0 26
0 25
10 57
10 55
26 45
27 42
1 29
1 30
29 44
30 51
30 88
2 33
2 31
6 43
6 45
6 44
6 16
31 49
33 35
3 35
22 92
22 91
23 95
23 96
11 58
11 59
11 60
4 39
4 38
5 42
5 19
38 95
16 74
44 47
7 47
7 20
47 91
8 51
8 49
18 81
18 80
18 24
51 71
9 52
9 54
9 12
12 61
52 96
54 92
55 60
57 88
13 17
17 77
17 14
14 68
14 21
21 88
21 89
80 95