11 67 52 39 56 22 73 2 12 43 51 92 94 7 8 32 23 63 1 4 87 24 25 26 91 29 70 75 77 15 85 66 38 3 69 13 10 57 31 21 30 27 78 16 17 71 74 0 90 55 62 42 44 18 19 59 60 61 6 86 93 5 49 80 9 53 54 28 35 36 83 84 20 58 82 88 64 79 40 33 34
11 39
11 10
11 12
11 52
67 52
52 22
56 22
22 73
22 27
2 12
2 69
2 94
2 4
2 3
12 8
43 51
51 92
92 94
92 15
94 30
94 23
7 38
7 66
7 8
32 63
32 23
1 62
1 49
1 5
1 4
1 80
1 29
87 25
24 25
24 71
24 26
26 91
91 29
91 13
70 77
75 77
75 85
15 85
38 90
3 21
13 44
10 31
57 31
21 42
78 16
16 17
17 18
71 74
74 6
0 90
55 62
18 19
19 86
19 20
19 61
59 60
60 61
6 93
86 93
5 9
9 28
9 54
53 54
35 20
35 34
35 36
36 64
36 83
83 84
84 58
20 40
82 88
88 64
64 79
33 34