0 12 13 14 49 66 74 48 80 54 6 10 53 58 9 16 85 55 87 29 62 71 44 36 37 47 60 73 78 82 93 81 91 68 50 51 67 56 2 79 38 84 21 94 18 72 27 98 35 59 5 43 76 8 52 96 69 77 57 17 89 65 95 32 33 39 75
0 12
0 49
12 13
13 58
13 48
13 14
66 74
74 80
74 27
48 47
48 54
48 18
80 54
80 91
80 67
54 55
6 10
10 9
10 58
53 52
9 93
9 71
16 85
16 17
85 76
55 87
29 62
62 77
71 72
71 44
36 73
36 60
36 37
47 60
60 59
60 50
78 82
78 79
78 94
93 94
81 57
91 43
68 51
50 35
51 69
67 56
67 84
56 57
56 89
2 65
79 8
79 52
38 21
38 84
84 76
84 98
21 33
94 95
59 96
5 96
76 77
69 89
65 95
32 33
32 39
39 75