0 1 15 27 28 29 30 2 13 4 31 32 33 3 34 35 23 24 37 38 39 5 21 40 6 8 9 19 44 45 7 47 48 51 52 53 10 20 55 11 16 58 12 61 62 64 66 14 67 22 70 74 17 76 77 78 18 80 81 84 85 87 89 90 92 95 96
0 27
1 28
1 29
1 30
15 70
27 74
28 32
29 85
30 81
2 31
2 33
2 32
13 64
13 66
4 38
4 37
4 39
33 84
3 34
3 35
34 89
23 95
23 96
24 21
39 44
5 40
21 90
21 89
40 66
6 44
6 45
8 51
9 52
9 53
19 84
45 62
45 95
45 58
45 92
7 48
7 47
47 78
48 51
53 58
10 55
20 85
20 87
55 58
11 58
16 74
12 61
12 62
61 67
64 89
66 77
14 67
22 92
70 76
74 77
17 76
17 78
17 77
18 80
18 81
84 90
90 92