80 92 93 94 95 96 97 64 5 6 7 83 62 63 11 26 27 28 41 42 43 13 30 14 15 16 12 9 81 82 58 59 18 66 70 71 47 48 91 69 39 1 72 44 3 33 34 10 86 79 52 53 84 54 2 50 36 55 29 8 19 38 73 32 85 31 40 35 37 17 0 4 76 77 49 65 89 24 25 98 99 46 90 23 67 68 61 60 21 20 22 75
80 79
80 81
80 92
92 91
92 70
92 12
92 93
93 43
93 94
95 96
96 97
97 64
64 63
5 83
5 6
6 7
83 9
83 62
83 84
83 3
62 61
63 2
11 12
11 26
27 85
27 28
28 29
41 35
41 40
41 42
13 14
13 30
30 31
14 59
14 65
14 15
15 16
9 82
9 10
81 82
58 59
59 99
59 60
18 19
18 46
66 71
66 48
66 99
70 34
70 71
71 73
71 72
47 48
47 46
91 90
69 68
39 38
1 0
1 2
1 72
72 8
72 44
3 4
33 32
34 36
86 32
86 53
52 50
52 53
53 54
84 85
54 55
36 37
36 35
36 55
38 73
73 24
73 89
37 17
76 77
76 75
76 49
49 90
24 25
24 23
98 99
67 22
67 68
21 22
21 20
21 75