69 20 54 26 95 63 50 84 56 58 93 49 15 97 35 32 66 6 43 17 55 92 75 1 44 64 38 11 2 36 4 73 45 30 41 86 65 22 91 24 61 98 5 42 16 53 27 31 33 39 7 76 19 13 47 79 77 3 40 14 48 83 57 23 96 34 68 25 59 37 60 62 51 94 85
69 26
69 35
20 54
20 63
54 17
54 11
54 91
26 63
95 58
63 97
50 84
50 24
84 47
84 58
56 22
56 19
56 93
56 13
58 15
49 6
15 41
35 1
32 75
32 6
32 66
66 23
6 43
43 77
43 86
43 17
55 92
55 98
75 41
1 44
44 7
64 27
64 98
64 38
64 30
11 45
2 36
2 45
36 79
36 73
4 30
73 30
65 39
65 31
65 22
24 61
5 48
5 42
5 31
42 16
53 96
53 27
33 76
39 76
77 34
3 40
3 37
40 83
14 48
48 85
83 57
57 23
23 60
96 59
96 62
34 68
68 25
25 51
59 85
51 94