42 43 44 29 34 26 27 28 15 16 17 40 0 32 13 25 18 19 14 11 36 39 48 49 50 35 37 23 24 38 2 3 4 21 20 8 9 51 10 46 47 5 7 56 57 58 54 55 70 92 91 60 62 95 93 59 61 63 79 80 64 69 72 73 75 78 84 77 67 74 81 82 83 66 86 87
42 43
43 29
44 29
29 26
34 0
26 28
26 27
26 18
27 17
15 14
15 16
16 17
40 36
0 32
32 19
13 10
13 25
13 11
25 24
18 19
18 23
11 36
36 37
39 48
48 49
48 47
49 50
50 51
35 38
35 37
35 46
23 24
23 21
2 3
3 4
4 21
4 5
4 20
8 9
8 5
51 93
46 47
5 60
5 7
7 58
56 57
57 58
58 55
58 62
54 55
70 79
92 95
92 91
60 61
95 79
59 63
59 61
63 64
79 78
79 80
80 77
64 69
69 75
72 67
72 73
72 78
73 84
75 84
84 86
77 81
67 66
74 83
74 87
81 82
82 83