1 2 3 6 9 10 11 12 13 14 15 17 18 19 20 22 24 25 27 29 30 31 32 34 35 36 37 38 39 41 42 43 44 46 48 49 50 51 52 53 54 55 58 60 63 65 66 67 68 69 72 73 74 76 77 78 83 84 85 86 88 89 91 93 94 95 97 98 99
1 2
2 3
3 52
6 85
9 74
9 10
9 39
10 20
10 60
11 31
12 97
13 14
14 18
15 34
17 25
17 18
19 85
20 52
22 25
24 25
24 43
27 68
29 97
29 95
30 31
31 32
32 55
34 46
35 36
35 85
36 37
37 46
37 76
37 95
37 65
38 65
38 86
39 58
41 94
41 67
42 43
43 65
44 53
46 60
48 68
48 49
49 50
50 78
51 52
53 86
54 55
54 99
63 74
66 99
66 69
67 68
68 69
72 98
73 84
76 77
77 78
78 88
83 84
83 91
88 89
91 95
93 94
98 99