1 27 76 45 0 78 21 87 28 51 93 24 10 47 96 44 14 86 66 20 70 7 40 11 65 37 25 38 80 84 56 59 35 89 49 52 61 3 33 57 77 34 69 73 9 50 94 54 64 68 15 6 23 98 22 29 83 88 55 39 30 62 32 26 36 95 67
1 51
1 10
1 45
1 59
27 76
27 35
76 28
76 45
0 37
0 10
0 87
78 21
78 87
21 94
21 14
87 66
28 23
51 93
51 33
51 38
93 70
93 61
24 47
24 6
10 77
96 14
96 86
96 44
96 62
44 89
44 57
66 20
70 7
70 55
7 40
40 11
65 25
65 34
38 56
80 84
84 56
84 39
56 64
59 29
35 26
49 52
49 9
52 94
3 36
77 69
77 73
34 39
50 54
50 64
68 15
15 88
15 22
6 95
6 23
23 98
29 88
83 88
55 32
39 30
30 67
36 95