0 1 2 5 4 28 13 29 30 35 36 37 38 14 19 12 6 15 21 23 22 32 33 31 34 17 18 44 43 42 46 48 50 51 55 52 74 53 56 54 58 60 61 57 70 59 68 62 67 69 66 63 64 65 71 72 75 76 77 78 79
0 6
0 17
1 2
2 5
2 77
5 12
5 4
5 13
28 13
29 30
30 77
30 35
30 19
30 34
35 36
36 37
37 38
38 22
14 19
12 65
6 55
15 75
21 23
23 76
32 31
32 78
33 34
17 46
18 79
44 52
44 43
43 42
48 72
50 51
50 55
51 75
55 54
52 53
74 53
53 56
56 58
56 57
54 60
54 58
61 69
57 70
57 59
70 68
70 76
59 62
62 63
62 64
62 65
67 66
67 78
69 71
66 71
66 64
71 72
78 79