0 33 1 2 3 4 7 8 9 10 11 12 13 14 15 16 17 19 20 21 22 23 25 26 27 29 30 31 32 43 5 44 42 45 6 46 51 49 65 67 66 68 18 70 72 71 73 75 79 77 24 81 83 82 88 86 93 95 96 94 28
0 33
0 8
1 31
1 24
2 25
2 30
3 18
4 42
4 19
4 13
4 12
4 24
4 29
7 24
7 16
8 49
8 20
9 51
9 29
10 30
10 6
10 28
11 20
14 31
15 31
16 65
16 66
16 23
17 5
19 72
19 71
20 73
21 29
21 75
21 6
22 26
22 27
22 30
22 77
23 79
27 88
30 93
31 96
32 18
43 5
5 44
44 42
45 6
6 46
51 49
65 67
66 68
18 70
70 72
24 82
24 81
81 83
88 86
93 95
96 94