49 17 32 33 97 65 40 51 56 57 59 53 21 89 25 36 52 81 1 0 16 18 19 50 82 55 23 87 41 73 24 88 91 27 31 48 80 83 61 26 3 98 99 66 4 5 20 54 58 29 95 60 62 2 6 44 46 14 22 30 34 38 12 13 70 8 74 47 10 78 90 15
49 51
17 25
17 21
32 33
32 36
32 40
33 97
33 41
97 65
97 99
51 19
51 59
51 55
56 57
56 58
57 59
53 21
53 61
53 52
21 20
21 23
89 25
89 73
25 24
36 44
36 52
52 60
52 48
81 80
1 0
0 16
16 80
18 82
18 50
50 34
82 66
55 23
23 31
23 87
87 83
24 88
88 80
91 27
27 31
27 26
31 29
31 95
26 30
26 90
3 2
98 66
66 2
4 5
4 20
54 62
54 22
2 6
6 22
6 70
46 14
46 47
14 30
14 12
14 15
14 78
22 30
34 38
12 13
8 10
74 10
74 90