14 15 91 87 6 33 34 86 16 76 57 29 31 55 20 9 13 92 59 45 40 32 28 61 96 23 30 82 90 43 67 80 70 50 2 24 68 26 42 72 46 77 8 60 62 75 84 63 35 95 69 3 11 27 97 73 1 5 39 74 89 22 64 48 21 10 58 88 17 12 53 41 85 4 93
14 15
15 91
91 87
91 75
87 6
6 33
33 93
34 45
34 86
16 76
16 23
57 92
29 77
31 3
31 60
55 69
20 92
9 13
13 58
92 12
92 4
92 59
59 45
59 90
40 22
40 32
28 61
28 43
96 85
23 30
30 74
82 90
43 74
43 67
67 41
80 69
80 48
80 93
70 41
70 50
2 17
2 95
24 68
68 26
26 4
26 42
42 72
46 4
46 77
46 84
8 60
60 27
62 27
75 84
63 35
35 95
11 27
11 88
27 97
97 73
1 5
5 39
39 74
74 89
22 64
64 48
21 93
21 10
58 41
58 88
17 12
12 53
53 41
85 4