0 5 24 26 1 16 28 30 2 9 31 33 3 34 35 36 4 11 38 39 41 42 6 14 43 45 7 21 46 8 13 51 52 53 54 10 22 19 56 57 12 58 60 17 61 62 63 20 18 64 65 67 68 69 15 23 71 72 73 74 75 76 77 78 79 80 81 82 83 84 85 87 88 89 93 94 95 97 99
0 26
5 41
5 42
24 99
24 97
26 77
1 28
1 30
16 75
16 74
28 81
2 33
2 31
9 52
9 54
9 53
31 97
3 34
3 35
3 36
34 95
35 97
35 53
4 39
4 38
11 60
38 42
39 75
39 83
6 43
6 45
14 69
14 67
14 68
43 81
43 52
7 46
21 88
21 89
46 71
8 51
13 65
13 64
51 82
54 84
10 56
10 57
22 93
19 84
19 83
19 82
56 75
12 62
12 63
58 87
60 74
17 76
17 78
17 77
61 67
63 64
20 87
20 85
18 80
18 81
18 79
65 80
68 73
69 71
15 71
15 72
23 95
23 94
73 83
75 88
78 89
79 87
88 93