96 67 68 14 82 19 84 23 95 55 0 26 27 11 59 60 97 99 80 24 5 40 41 81 35 57 88 3 36 72 12 63 62 43 76 77 17 25 44 92 22 93 64 65 69 45 13 66 10 56 98 21 90 18 70 15 6 1 28 30 48 71 58 89 52 20 86 87 78 85 91 42 61 29 83 79 94 34 47 7 53 9 54 33 74 75 16 8 49 51 73 2 31 32 50 4 37 38 46
96 23
96 27
67 28
67 14
68 14
14 69
82 19
82 60
19 84
19 83
84 95
23 95
23 94
95 41
55 10
55 30
55 71
0 27
0 26
0 25
26 97
11 59
11 60
11 58
97 24
99 24
99 80
99 61
80 18
80 63
24 98
5 40
5 42
5 41
81 18
35 3
57 10
57 76
88 21
88 98
88 92
88 31
3 36
3 34
36 62
72 15
72 63
12 63
12 62
43 6
76 17
76 87
77 17
77 52
17 78
44 6
44 71
92 22
22 91
22 93
64 13
65 13
65 45
45 6
13 66
10 56
56 48
21 90
21 89
18 79
70 15
15 71
1 29
1 28
1 30
48 7
52 9
20 85
20 86
20 87
47 7
7 46
53 9
53 51
9 54
54 50
33 2
33 75
74 16
75 16
16 73
8 49
8 51
2 32
2 31
32 37
4 37
4 38