96 97 98 94 95 92 93 91 90 88 89 86 87 84 85 82 83 81 80 78 79 76 77 74 75 72 73 71 70 69 68 67 66 65 64 62 63 61 60 59 58 57 42 43 44 45 46 47 48 49 50 51 52 53 54 55 56 41 40 39 38 37 36 1 0 35 2 34 3 33 4 32 5 6 7 8 9 10 12 13 17 18 19 20 21 22 23 24 25 26 27 28 29 30 31 14 15 11 16
96 95
96 97
97 98
94 93
94 95
92 91
92 93
91 90
90 89
88 87
88 89
86 85
86 87
84 83
84 85
82 81
82 83
81 80
80 79
78 77
78 79
76 75
76 77
74 73
74 75
72 71
72 73
71 70
70 69
69 68
68 67
67 66
66 65
65 64
64 63
62 61
62 63
61 60
60 59
59 58
58 57
57 56
42 43
42 41
43 44
44 45
45 46
46 47
47 48
48 49
49 1
49 2
49 3
49 50
50 51
51 52
52 53
53 54
54 55
55 56
41 40
40 39
39 38
38 37
37 36
36 35
1 0
35 34
34 33
3 4
33 32
4 5
32 31
5 6
6 7
7 8
8 9
9 10
10 13
10 11
12 17
12 13
13 15
13 14
17 18
17 16
18 19
19 20
20 21
21 22
22 23
23 24
24 25
25 26
26 27
27 28
28 29
29 30