0 2 4 5 1 3 23 24 7 17 16 10 12 15 6 18 21 22 11 8 13 20 30 32 29 34 44 42 38 39 40 41 46 36 27 48 49 28 47 37 69 93 70 92 52 89 71 72 74 75 79 77 88 98 60 53 87 86 97 54 63 55 67 57 82 58 83 84 81
0 67
2 3
2 4
2 13
4 1
5 1
5 12
1 16
1 7
1 39
3 20
3 22
23 30
23 89
23 24
24 86
7 32
17 67
17 44
16 18
16 53
10 32
10 92
10 8
15 39
6 18
6 67
21 13
11 74
20 82
30 29
32 29
32 52
34 92
34 27
42 87
38 39
39 63
39 40
41 47
41 84
46 48
46 77
36 74
36 72
27 37
48 49
49 28
28 74
47 81
69 93
93 70
70 92
92 71
89 88
71 72
74 75
79 77
98 60
98 97
60 54
87 86
54 63
54 55
63 84
67 57
57 58
58 83