6 7 8 9 16 17 18 19 4 5 15 27 28 29 14 3 26 35 39 38 37 36 49 58 59 69 66 67 68 77 76 75 2 13 25 57 79 0 1 40 10 45 46 47 48 50 51 20 30 11 12 21 22 23 24 52 53 54 55 56 88 89 60 70 80 90 91 92 93 94 95 96 97 98 99 81 82 83 84 85 86 87 31 65 32 41 42 43 64 62 61 63 44 73 72
6 7
6 5
7 8
9 19
16 17
16 15
17 18
18 19
19 29
4 5
4 3
5 14
15 27
27 28
27 26
29 39
14 13
3 2
26 25
35 36
39 49
39 38
38 37
37 36
49 48
49 59
58 59
58 57
59 69
69 79
69 68
66 77
66 67
66 65
67 68
77 76
76 75
2 1
13 12
25 24
57 56
79 89
0 10
40 41
40 30
40 50
10 11
10 20
45 51
45 46
45 44
46 47
47 48
50 60
51 52
20 30
20 21
11 12
21 22
22 31
22 23
52 53
53 54
54 55
88 89
88 87
89 99
60 70
60 61
70 80
80 81
80 73
90 91
91 92
92 93
93 94
94 95
95 96
96 97
97 98
98 99
81 82
82 83
83 84
84 85
85 86
31 32
65 64
41 42
42 43
43 44
64 63
62 61
73 72