72 18 43 60 32 58 12 15 77 0 89 51 1 71 17 26 61 64 6 70 66 22 33 20 25 35 74 34 8 86 29 46 48 37 90 36 83 24 98 38 47 80 91 65 97 41 28 2 99 42 21 67 79 94 92 87 95 75 68 88 69 52 3 62 55
72 18
72 43
18 22
18 0
18 28
43 95
43 58
43 60
43 80
60 21
32 12
12 77
12 15
12 51
15 99
77 86
89 55
89 51
1 24
1 26
1 61
71 17
17 61
64 6
64 69
6 91
70 88
70 66
66 24
33 25
20 25
25 68
35 74
35 75
74 48
34 86
34 8
8 29
86 48
86 94
29 79
46 48
37 90
37 79
36 83
83 75
83 52
24 79
98 38
38 91
47 62
47 91
91 52
91 3
91 92
65 97
65 79
97 41
97 68
28 67
2 21
2 42
99 42
87 95