66 38 12 48 83 84 86 88 9 21 57 62 53 58 37 11 24 27 0 45 7 25 23 1 67 3 41 69 54 51 13 61 43 65 20 26 79 71 10 77 60 14 30 39 89 36 52 99 55 91 32 6 96 74 93 2 76 82 95 97 94 73 8 78 31 17 49
66 84
66 7
38 45
38 3
38 53
12 86
12 24
48 14
48 84
83 57
83 86
86 65
88 26
88 39
9 57
21 62
62 32
58 61
58 54
37 11
37 61
11 79
11 7
11 27
11 23
24 67
27 6
27 60
27 36
0 45
45 17
25 23
1 41
67 73
67 3
67 95
67 60
3 99
3 41
69 10
54 51
13 61
43 52
65 93
65 82
20 26
79 49
71 77
71 96
10 77
60 74
60 89
14 30
39 89
36 52
99 91
55 91
32 6
6 8
96 74
74 78
93 76
2 76
97 94
94 73
31 17