20 21 22 10 0 1 2 3 4 14 15 25 35 39 46 48 49 56 57 58 59 67 69 11 12 44 45 53 63 5 6 7 8 16 17 27 9 28 19 29 38 47 36 37 89 98 88 23 68 79 96 66 76 86 26 75 77 65 32 33 34 41 43 52 24 64 71 72 74 50 84 54 55 60 42 80 81 82 83 85 93 94 30 31 40 51 92 62 70 90
20 10
20 21
21 22
22 11
10 0
0 1
1 2
2 12
2 3
3 4
4 14
14 15
14 5
14 23
15 25
15 26
15 16
25 35
25 24
35 46
39 49
46 45
46 56
48 57
48 58
49 59
56 67
56 47
57 67
58 69
59 69
67 98
67 68
67 66
44 45
44 53
53 63
5 6
6 7
8 17
8 27
16 27
27 37
27 36
9 28
9 38
28 19
28 29
38 47
89 88
98 88
68 79
96 86
66 65
66 76
76 77
76 86
76 75
32 33
32 42
32 41
33 24
34 43
41 51
41 50
41 31
41 30
41 40
41 52
43 52
64 54
64 74
71 72
71 80
71 60
71 62
71 70
72 84
74 84
50 60
54 55
80 90
80 81
81 82
82 83
83 93
83 92
85 94
93 94