99 12 80 88 44 77 21 70 98 81 28 69 94 46 82 2 48 25 91 78 24 57 75 61 89 74 45 54 39 15 18 17 30 34 33 42 85 43 79 31 51 11 76 65 87 64 62 16 86 55 1 41 49 95 0 59 71 20 6 68 67 14 37 22 5
99 12
99 69
12 77
12 21
80 91
80 44
80 0
88 44
88 46
44 76
44 42
44 98
77 98
77 37
21 79
21 70
21 34
98 81
81 65
81 22
28 69
69 89
69 54
94 62
46 82
46 64
82 2
48 91
48 25
25 16
25 17
91 14
78 57
78 64
78 24
24 86
75 54
61 0
89 95
89 30
74 87
45 86
54 51
39 18
39 15
39 20
15 41
34 31
33 49
33 42
42 68
42 85
43 49
51 11
76 87
76 20
76 6
87 1
64 55
64 62
16 67
59 71
71 20
37 5