29 30 32 33 31 27 28 34 35 5 6 7 8 9 10 11 12 13 14 15 36 37 38 39 40 41 42 43 44 45 3 4 16 17 18 19 20 21 22 23 24 1 2 0 69 68 67 47 64 50 51 52 53 54 55 56 57 58 59 60 61 62 63
29 28
29 30
30 31
32 31
32 33
33 34
27 28
34 35
35 36
5 6
5 4
6 7
7 8
8 9
9 10
10 11
11 12
12 13
13 14
14 15
15 47
15 45
15 50
15 16
36 37
37 38
38 39
39 40
40 41
41 42
42 43
43 44
44 45
3 4
3 2
16 17
17 18
18 19
19 20
20 21
21 22
22 23
23 24
1 0
1 2
0 69
69 68
68 67
64 63
50 51
51 52
52 53
53 54
54 55
55 56
56 57
57 58
58 59
59 60
60 61
61 62
62 63