0 21 25 27 6 28 29 30 2 15 20 14 31 32 33 3 10 35 36 4 13 9 38 39 5 8 42 17 43 44 45 7 11 47 48 49 50 51 53 54 12 55 56 57 60 63 22 23 64 65 66 24 67 68 18 70 71 72 16 73 74 77 19 79 81 82 83 84 86 87 90 93 95 96 98 99
0 27
0 25
21 90
27 32
6 43
6 45
6 44
28 48
28 39
29 96
30 74
2 32
2 31
2 33
15 70
15 71
15 72
20 86
20 87
14 67
31 77
32 60
33 53
3 36
3 35
10 55
10 57
35 81
36 39
4 38
4 39
13 66
13 64
13 65
9 53
9 54
5 42
8 49
8 50
8 51
42 65
17 77
43 65
44 82
45 56
7 47
7 48
11 60
48 67
49 67
54 73
12 63
55 93
56 93
63 81
22 93
23 96
23 95
64 79
24 99
24 98
68 71
68 87
18 81
18 79
71 95
72 84
16 73
16 74
73 82
19 82
19 84
19 83
83 99
90 93