18 19 20 21 22 12 13 14 15 16 17 64 65 66 67 68 69 70 81 82 92 94 95 96 97 23 71 72 73 74 75 24 25 93 26 27 35 34 33 32 31 29 30 60 61 62 63 76 77 28 0 1 2 3 4 5 6 7 8 9 36 37 38 39 40 90 91 10 11 79 80 41 42 43 85 83 45 84 88 57 46 47 48 49 50 51 52 53 54 55 56 58 59
18 19
18 17
19 20
20 21
21 22
22 23
12 11
12 68
13 14
14 15
15 16
16 17
64 63
64 65
64 69
65 66
66 67
67 68
69 70
70 71
70 81
81 82
82 92
92 94
94 93
94 95
95 96
95 97
23 24
71 72
72 76
72 73
73 74
74 75
24 25
25 26
26 27
27 28
35 36
35 60
35 34
34 33
33 32
32 31
31 30
29 30
29 28
60 61
61 62
61 80
62 63
76 77
0 45
0 1
0 91
1 2
2 3
3 4
4 5
5 6
6 7
7 8
8 9
9 10
36 37
37 85
37 38
38 39
38 84
39 40
39 83
40 41
40 90
90 91
79 80
41 42
42 43
84 88
88 57
57 46
57 47
57 48
57 49
57 50
57 51
57 52
57 53
57 54
57 55
57 56
57 58
57 59