96 97 98 95 93 94 92 91 89 90 88 87 86 84 85 83 82 81 80 78 79 77 75 76 74 73 72 71 69 70 67 68 65 66 64 62 63 61 59 60 57 58 56 55 53 54 51 52 50 48 49 47 45 46 43 44 41 42 40 37 38 39 36 35 33 34 32 31 29 30 27 28 26 25 24 22 23 20 21 18 19 17 16 15 14 11 12 13 9 10 8 5 6 7 4 3 1 2
96 95
96 97
97 98
95 94
93 92
93 94
92 91
91 90
89 88
89 90
88 87
87 86
86 85
84 83
84 85
83 82
82 81
81 80
80 79
78 77
78 79
77 76
75 74
75 76
74 73
73 72
72 71
71 70
69 68
69 70
67 66
67 68
65 64
65 66
64 63
62 61
62 63
61 60
59 60
59 58
57 56
57 58
56 55
55 54
53 52
53 54
51 50
51 52
50 49
48 47
48 49
47 46
45 46
45 44
43 42
43 44
41 40
41 42
40 39
37 36
37 38
38 39
36 35
35 34
33 32
33 34
32 31
31 30
29 28
29 30
27 26
27 28
26 25
25 24
24 23
22 23
22 21
20 19
20 21
18 17
18 19
17 16
16 15
15 14
14 13
11 10
11 12
12 13
9 8
9 10
8 7
5 4
5 6
6 7
4 3
3 2
1 2