0 19 12 25 26 1 20 15 30 2 21 9 31 33 3 5 35 36 4 14 13 38 39 16 7 24 40 6 18 43 45 46 47 8 50 11 52 10 23 55 56 58 59 60 17 62 63 65 66 68 69 72 74 75 22 76 77 79 86 90 91 92 94 96 98 99
0 26
0 25
19 9
12 62
12 63
25 74
26 94
26 65
26 76
1 30
20 86
15 72
30 58
2 31
2 33
21 90
9 52
33 52
3 35
3 36
5 40
35 86
36 91
4 39
4 38
14 68
14 69
13 66
13 65
38 98
16 75
16 74
7 46
7 47
24 98
24 99
40 65
6 43
6 45
18 79
45 91
46 74
8 50
50 66
11 59
11 58
11 60
52 59
10 55
10 56
23 96
23 94
55 86
59 66
60 99
17 76
17 77
62 90
66 69
72 75
74 92
22 92
22 91
77 79
90 99