0 1 2 3 6 10 11 15 27 7 28 25 26 4 13 16 12 32 18 31 17 21 23 19 20 22 24 33 34 37 38 39 35 42 41 44 45 49 50 51 52 55 59 65 67 73 77 86 88 89 90 91 93 92 94 46 47 97 99 98 43 85 87 79 82 84 83 81 57 58 72 71 68 70 76 66 60 53 64 62 63
0 2
0 1
2 3
3 10
6 10
6 7
10 11
10 13
15 25
15 27
27 28
25 26
25 24
25 23
4 13
4 12
13 21
16 12
12 18
32 31
32 18
18 19
17 21
19 20
19 33
19 22
22 24
33 35
33 34
34 39
37 38
38 39
39 42
35 41
42 43
41 44
44 45
45 46
45 51
49 50
49 51
50 52
52 55
52 53
55 59
59 58
59 65
65 64
65 68
65 67
67 73
73 72
73 77
77 71
77 88
77 79
86 87
86 91
88 89
89 85
89 99
90 93
90 91
93 94
93 92
46 47
97 99
99 98
85 87
79 82
82 83
84 81
81 76
57 58
71 70
68 66
70 76
66 60
64 62
62 63