1 98 3 43 12 21 54 4 99 0 7 40 9 48 86 29 73 24 2 97 5 59 96 13 53 66 14 18 71 22 23 74 25 26 38 28 30 34 36 41 47 92 49 93 50 52 55 6 39 42 85 56 57 64 69 72 75 77 79 81 83 87 95 20 70 46
1 99
1 43
1 97
98 3
3 12
3 4
43 18
43 9
12 41
12 23
12 54
12 64
21 54
0 29
0 85
0 77
0 55
0 59
0 66
0 64
0 69
0 86
0 81
0 96
0 56
0 57
0 92
0 73
7 48
7 40
40 20
40 86
73 24
2 28
5 6
5 59
5 42
96 53
13 53
66 14
18 38
18 69
18 30
71 22
22 39
23 72
74 25
25 50
25 41
26 38
26 34
26 36
26 75
28 77
30 79
36 83
41 87
47 92
49 42
49 93
52 6
52 95
6 39
20 46
20 70