0 17 24 30 78 91 1 13 16 29 33 50 57 83 85 96 2 41 49 94 18 34 73 46 76 98 6 72 7 22 19 23 60 10 12 80 11 27 36 53 89 95 39 92 61 28 88 65 79 32 48 37 44 63 56 99 67 45 64 43 51 97 70 84
0 17
17 57
17 23
24 44
30 63
78 80
78 7
91 34
1 85
1 96
1 29
1 50
1 83
13 95
16 49
29 27
29 10
33 23
85 56
96 88
2 94
41 79
41 56
49 45
49 37
49 88
94 10
94 43
18 22
18 92
34 12
73 70
73 84
46 48
76 84
98 84
6 72
72 51
72 32
7 22
19 61
23 60
60 95
12 53
12 36
11 27
36 45
53 89
95 97
95 28
39 45
92 70
61 43
28 63
28 56
88 48
65 37
79 99
44 97
63 70
99 51
67 70
64 51