0 1 98 89 2 21 3 4 5 42 6 38 11 70 9 76 10 68 26 12 13 41 14 15 43 16 57 17 18 19 61 20 83 46 22 23 77 24 53 25 74 27 28 40 29 82 86 32 33 92 34 35 36 37 69 59 39 64 63 50 56 94 58 67 60 93 62 75 65 66 80 79 71 72 87 73 78 88 90 95
0 1
0 89
0 98
1 2
89 90
2 3
21 20
3 4
4 5
5 38
42 43
6 11
38 37
11 10
11 12
70 71
70 69
9 10
76 77
10 26
68 69
68 67
26 27
26 25
12 41
12 13
13 14
41 40
14 43
14 15
15 16
15 57
16 17
57 56
57 58
17 18
18 61
18 19
19 83
19 20
20 46
83 82
22 23
22 77
23 24
23 53
24 25
25 74
74 75
27 28
40 39
29 82
86 87
32 92
32 33
33 34
92 93
35 36
36 37
37 59
59 58
59 60
39 64
64 63
63 62
50 56
94 95
94 93
58 67
67 66
60 93
65 80
66 79
80 79
79 78
71 72
72 73
87 88
78 88