6 77 17 54 63 73 14 62 48 11 18 86 91 34 75 60 74 78 64 1 67 2 85 24 7 3 65 20 8 12 46 61 30 81 41 56 22 5 10 83 29 23 53 51 79 59 55 19 69 57 0 76 80 82 66 47 21 71 28 45 35 39 68 25 52 58 40 9 31 70 42 84 26 50 43 13 4
6 12
6 54
6 30
77 63
77 54
77 53
17 14
63 3
73 48
73 45
14 78
14 11
62 30
48 61
48 83
11 64
11 91
18 86
18 40
86 79
86 82
34 75
34 65
34 60
75 58
75 80
74 43
78 47
64 1
1 67
1 28
67 68
2 85
2 55
2 13
85 24
85 7
24 29
3 31
65 20
65 41
20 42
8 5
8 46
8 22
8 41
12 61
46 10
46 81
41 23
41 71
56 22
83 29
29 23
53 69
53 51
79 0
59 55
55 39
19 69
57 71
57 28
57 76
0 80
0 84
80 43
82 35
66 47
47 21
45 50
25 52
25 84
58 26
40 9
9 4
70 42