78 57 95 68 55 1 34 24 54 84 10 66 2 90 5 65 92 80 3 7 52 4 15 31 39 69 77 29 58 75 6 33 73 47 14 16 48 28 86 64 13 35 56 45 85 79 21 43 26 59 22 93 62 25 91 51 27 72 88 81 42 94 98 53 89
78 25
78 22
57 53
57 85
95 88
95 68
68 13
55 66
1 66
1 54
1 24
1 34
34 77
24 65
24 62
54 56
84 86
84 53
84 5
10 92
66 6
2 90
2 92
2 5
5 29
5 75
65 94
92 21
80 33
80 89
3 7
3 52
7 6
4 69
15 73
31 91
39 29
69 51
58 75
6 33
6 73
73 64
47 62
14 56
16 85
48 22
28 72
86 81
64 26
13 35
35 43
45 59
85 93
79 25
21 26
21 59
21 43
43 98
26 51
26 25
62 27
91 51
27 72
42 94