1 81 86 24 61 95 99 55 87 90 91 60 82 78 98 5 84 85 88 40 32 94 93 36 35 39 97 71 53 58 69 70 17 96 42 26 27 66 16 89 31 72 92 47 48 49 23 83 77 62 4 57 33 34 43 63 79 50 0 76 51 44 18 75 67 73 22 52
1 0
81 86
81 24
86 85
24 23
61 40
95 94
95 92
95 60
95 66
99 89
99 42
99 90
99 87
99 79
55 91
55 0
87 51
87 84
87 88
87 85
87 5
90 91
91 39
60 50
82 92
82 78
98 93
5 4
40 39
32 94
32 33
94 53
94 57
94 93
94 44
93 63
93 83
93 62
36 35
36 39
35 34
97 71
97 73
97 58
53 58
69 17
69 70
17 18
96 27
96 18
96 42
26 27
66 67
16 79
89 31
72 22
72 73
47 48
48 49
49 23
77 43
4 57
43 63
76 75
51 52
44 75