17 18 16 15 32 33 34 4 5 6 78 19 20 53 54 52 7 8 9 85 86 87 14 10 11 12 13 28 29 30 31 3 90 80 81 82 60 61 62 2 1 0 99 84 50 51 83 48 49 88 89 57 58 21 22 23 24 25 59 35 56 55 93 72 26 27 45 46 65 69 96 68 47 36 37 66 67 74 75 76 73 77 39 40 41 42 43
17 16
17 18
18 19
16 15
15 14
32 54
32 31
32 33
33 34
34 78
34 35
34 80
4 3
4 5
4 20
4 57
4 90
5 6
6 7
20 21
53 52
54 55
52 51
7 8
8 9
9 10
9 85
85 86
86 87
87 88
14 13
10 11
11 12
12 13
28 23
28 29
29 30
29 76
30 31
31 60
31 48
3 2
80 81
81 82
82 83
60 61
61 62
2 1
1 0
1 99
1 72
84 89
84 83
50 49
50 51
48 47
48 49
57 58
58 59
21 22
22 23
23 24
23 96
24 25
25 26
35 36
56 93
56 45
72 69
72 73
26 27
45 65
45 46
46 47
65 66
96 68
36 37
67 76
74 73
74 75
76 77
76 42
39 40
40 41
41 42
42 43