0 93 49 1 18 19 65 2 47 22 67 92 5 68 6 27 7 41 79 8 58 30 9 59 11 48 31 60 12 44 70 20 14 90 94 15 32 39 16 28 80 17 53 71 34 52 46 21 86 89 23 72 84 82 54 29 78 38 99 45 97 83 73 91 64 85 61
0 49
93 79
49 91
1 65
1 18
18 34
18 19
18 8
19 52
65 23
2 47
47 73
22 5
22 20
67 53
67 64
92 7
5 68
68 80
68 71
6 27
27 21
7 41
7 79
41 82
8 58
8 30
58 89
9 59
59 11
11 60
11 48
11 31
48 12
60 84
12 44
12 70
44 29
44 82
70 91
14 94
14 90
90 39
90 85
94 46
15 32
15 39
32 84
16 28
28 82
28 54
80 78
17 53
71 21
34 99
34 38
46 83
21 86
86 64
72 64
72 97
82 38
54 73
99 61
45 97
97 83