0 23 25 26 27 1 8 19 16 29 30 2 31 32 33 3 5 35 4 20 37 39 12 18 40 41 6 14 44 45 7 24 46 49 51 9 21 53 54 10 13 15 56 57 11 17 58 63 64 66 69 22 74 75 81 83 86 87 92 94 97 98 99
0 27
0 26
0 25
23 94
25 45
1 29
1 30
8 49
8 51
19 83
16 75
16 74
29 81
30 74
2 32
2 31
2 33
31 75
31 98
31 64
32 83
3 35
5 40
5 41
35 44
35 99
35 40
4 39
4 37
20 86
20 87
20 21
37 98
12 63
18 81
40 69
6 44
6 45
14 69
45 94
45 87
7 46
24 98
24 97
24 99
46 86
49 66
9 53
9 54
53 57
10 57
10 56
13 66
13 64
15 22
56 97
11 58
11 17
58 98
63 98
22 92
75 92