2 41 42 11 80 33 82 27 61 1 36 16 67 68 29 7 17 18 19 94 25 20 9 71 8 93 83 53 54 99 10 90 35 0 5 6 85 95 22 58 14 15 56 62 37 4 51 46 81 28 21 69 43 57 45 75 52 50 48 55 44 76 60 34 26 70 59 31 23 66 91 87 88
2 42
2 1
41 11
41 42
42 33
80 56
80 4
80 71
80 46
33 18
82 46
27 50
27 16
27 28
27 61
27 99
1 0
36 37
36 35
36 9
16 17
67 29
67 68
67 81
29 28
7 17
18 19
18 48
19 94
94 53
94 59
25 26
25 22
20 9
9 8
71 8
8 93
93 66
83 53
53 54
99 10
90 59
35 34
35 31
35 52
35 60
5 95
5 6
85 23
95 69
22 66
22 91
58 57
14 62
14 15
15 56
4 87
51 52
51 70
21 55
69 43
43 44
57 45
57 76
45 44
45 34
75 76
50 48
48 76
48 55
48 88
70 23