0 34 69 42 83 60 89 48 64 72 76 17 21 6 62 85 87 88 1 82 93 98 86 19 23 91 28 2 78 8 9 90 58 32 70 67 39 80 16 53 26 43 97 51 25 49 11 61 96 5 20 47 18 15 45 14 94 13 41 59 10 52 7 38 92 46 73 54 36 22 12 4 40 68 3 33
0 34
34 42
34 85
34 17
69 83
69 60
69 72
69 89
69 18
42 32
60 19
48 20
48 41
48 64
64 97
64 76
64 9
72 33
72 17
72 21
72 62
76 21
76 14
21 98
6 62
6 51
62 88
62 87
85 78
87 22
87 7
88 53
1 82
1 93
1 96
82 25
86 49
19 28
19 3
23 91
23 70
23 28
23 96
91 92
2 8
78 47
8 9
8 90
58 18
58 94
70 5
67 80
39 80
39 51
16 15
16 49
16 97
16 59
53 26
53 43
43 4
25 61
11 61
5 13
45 14
13 38
10 52
52 7
38 46
38 73
46 54
73 36
54 68
12 4
40 68