0 68 35 74 75 77 78 82 83 84 85 87 88 90 94 95 99 15 2 70 3 11 8 4 34 46 5 43 6 17 67 59 7 18 29 23 9 64 19 72 13 39 14 58 16 63 47 66 22 31 44 38 28 30 54 36 41 37 40 42 65 51 61
0 68
0 77
0 35
0 90
0 75
0 74
0 94
0 78
0 82
0 83
0 85
0 88
68 13
68 42
68 61
68 63
35 54
75 6
78 9
84 18
87 22
90 28
95 38
99 44
15 16
15 63
2 70
70 30
70 18
3 11
3 8
8 23
8 67
4 34
4 46
46 30
5 43
43 36
43 28
6 67
6 17
6 59
17 47
59 29
59 58
7 18
7 29
23 44
9 64
19 66
19 39
72 58
13 39
14 58
47 65
22 31
31 38
38 37
38 36
36 41
40 42
51 61