32 70 71 93 31 30 72 14 9 81 79 8 12 76 57 58 59 42 64 15 82 18 34 10 11 90 2 77 88 89 21 22 41 91 92 7 36 62 43 87 56 28 54 75 94 6 33 29 20 13 69 67 68 80 5 74 78 35 44 19 4 40 23 26 65 3 51 60 73 45 46 16 61 53 1 52 17 55 66 0 49 24 25 50 84 85 37 47 86 48
32 30
32 9
32 31
70 22
70 31
70 19
70 42
70 71
71 15
71 93
93 2
93 92
31 72
31 28
30 8
30 59
14 42
14 67
9 81
9 13
81 18
81 79
8 12
12 76
57 90
58 35
59 60
42 69
64 6
64 82
15 90
15 82
18 11
18 17
34 11
10 90
11 44
11 52
11 23
2 88
2 65
77 89
77 80
89 55
89 23
21 33
21 74
41 26
41 66
41 29
91 26
92 7
7 36
36 62
36 43
62 35
87 56
87 4
56 20
28 73
54 75
54 4
54 94
75 68
33 69
5 74
5 1
5 78
35 40
4 61
26 0
65 45
3 51
51 60
51 24
60 86
73 84
73 46
45 49
45 16
16 53
61 53
0 49
24 48
25 85
50 85
50 84
37 47
47 86