12 6 18 19 13 24 26 31 25 30 7 36 42 43 0 1 2 37 20 8 14 32 38 44 96 79 80 83 84 87 95 91 88 15 33 3 4 9 39 46 47 48 45 97 92 21 23 22 17 16 35 27 28 29 5 10 11 34 40 41 51 98 77 81 50 61 93 86 56 94 90 82 60 62 63 54 49 57 58 75 85 89 53 73 76 74 64 67 71 68 65
12 19
12 13
12 18
12 6
6 7
6 0
6 1
13 26
13 20
24 31
24 30
24 25
26 31
26 32
26 33
30 36
36 42
36 43
36 37
2 8
37 44
20 14
20 15
8 9
14 9
32 38
38 39
44 95
96 95
96 91
79 80
80 88
80 83
83 84
84 87
87 91
91 92
15 21
33 27
3 4
4 9
4 11
39 46
46 47
46 45
46 40
47 48
97 92
21 22
23 22
22 17
22 29
17 16
35 29
35 28
29 34
29 50
29 51
5 10
10 11
34 41
51 54
98 62
98 94
98 74
77 76
77 81
81 82
50 56
61 62
61 64
61 60
93 90
93 94
86 90
86 82
56 63
56 53
90 89
82 85
60 63
54 58
54 49
57 58
58 75
73 76
64 67
64 68
67 71
68 65