64 1 68 73 14 89 4 47 37 45 15 81 53 95 80 70 43 29 57 10 50 21 56 34 77 51 22 72 86 55 97 67 5 27 58 98 41 79 17 83 7 44 23 40 46 18 33 38 60 74 12 39 71 78 92 11 9 31 65 76 13 61 66 87 85 32 42 62 16 63 96 30 6 26 52 59 88 69 54 82 48
64 47
64 10
64 89
1 73
1 89
68 14
68 81
68 95
89 79
89 60
4 22
4 47
47 82
37 15
37 45
45 77
45 51
15 81
53 95
95 7
80 43
80 70
80 29
29 97
29 67
29 58
57 74
10 87
50 21
21 56
21 33
56 12
56 78
34 77
34 22
34 55
34 40
34 71
51 88
72 86
72 83
86 97
67 5
5 27
58 44
58 39
58 76
98 17
41 79
17 18
83 62
7 23
44 23
44 85
40 13
40 46
46 18
18 61
18 69
33 38
38 16
74 12
71 92
71 78
71 11
71 42
9 65
9 31
9 42
66 87
87 96
87 63
32 42
42 59
96 30
6 26
26 52
52 88
69 54
54 48