24 25 27 23 22 0 1 3 11 12 17 20 18 21 2 10 5 13 6 7 9 14 15 19 8 43 45 46 47 51 52 35 48 49 50 28 30 38 40 31 32 34 64 54 61 63 36 39 57 37 56 60 42 58 70 71 72 66 69 68 73 77 86 74 76 75 80 81 82 87 88 89 83 84 85
24 23
24 25
27 23
23 22
22 20
0 3
0 1
1 12
3 11
3 10
11 20
11 18
11 21
12 17
2 10
2 13
5 6
13 14
6 9
6 8
7 8
9 19
14 15
14 8
19 45
43 37
43 40
43 46
43 45
46 47
46 42
47 48
47 56
47 51
51 52
52 54
35 30
35 34
35 36
35 39
35 50
48 57
49 50
49 57
28 30
38 31
38 39
32 34
64 63
61 63
61 60
57 58
56 60
56 71
70 71
70 73
71 72
72 74
66 69
69 68
68 86
73 77
86 87
74 76
76 87
76 75
75 82
80 81
81 82
82 83
87 88
89 85
83 84
84 85