1 35 3 4 5 6 8 9 10 11 13 14 16 17 18 19 20 32 21 22 23 24 25 26 27 28 29 30 31 2 37 39 38 44 7 47 48 46 53 55 57 12 59 58 60 15 63 61 64 62 71 81 83 85 88 90 93 95 94 96 0 34
1 35
1 32
1 15
1 11
3 39
3 19
3 20
3 9
4 28
5 44
5 16
5 13
6 46
8 0
10 53
10 7
10 16
11 55
13 2
14 61
14 17
16 12
16 32
16 0
17 12
18 2
19 71
20 23
32 21
32 24
32 30
22 30
23 26
24 81
25 83
25 26
26 85
27 2
27 88
28 90
28 29
28 0
30 93
30 94
31 96
31 95
2 38
2 37
37 39
7 47
7 48
48 46
57 59
57 12
12 58
58 60
15 63
15 64
64 62
94 96
0 34