33 35 1 0 2 3 4 6 7 8 9 12 13 14 15 16 17 18 19 20 21 22 23 24 26 27 28 29 30 31 32 34 36 43 5 41 44 42 46 10 53 54 58 25 60 61 63 72 70 75 73 76 74 83 81 84 82 90 93 95 11
33 35
33 0
1 36
1 11
0 3
0 34
2 30
2 5
3 14
4 41
4 16
4 25
4 42
6 46
6 21
7 17
8 19
9 14
9 24
12 17
12 58
12 19
12 27
13 60
13 5
14 61
14 16
15 63
16 10
18 70
19 72
19 21
20 73
20 74
20 28
21 76
21 75
21 26
22 30
23 5
24 82
26 25
26 32
28 90
29 5
30 93
31 95
34 36
43 5
5 44
44 42
10 53
10 54
25 84
25 83
61 63
72 70
76 74
83 81
93 95