67 35 68 39 10 14 50 54 66 69 2 91 92 93 94 16 18 19 90 4 37 70 74 43 44 47 48 0 1 52 40 84 65 13 45 46 33 80 49 81 83 71 53 41 64 56 57 60 63 11 12 42 82 21 73 15 62 23 24 61 58 5 9 77 79 85 86 55 89 59 88 20 87 75 78 76 25 26 28 29 72 22 32 98 99 97 31 34 30 27 6 7 8
67 68
67 69
35 39
35 37
68 65
39 50
10 13
10 14
10 12
14 54
66 69
66 91
2 1
2 4
91 94
91 90
92 93
92 94
16 18
18 19
19 48
90 56
4 48
37 43
70 47
70 74
70 71
74 62
74 72
43 44
44 40
47 48
48 45
0 1
52 53
40 41
84 41
84 83
45 49
45 46
33 49
33 81
33 32
80 81
80 83
83 82
53 11
64 57
64 63
56 59
56 57
60 61
60 63
63 11
11 12
42 75
42 62
82 21
21 22
21 24
73 15
73 23
23 20
58 59
58 55
5 55
5 9
5 8
9 89
77 79
77 86
79 76
85 86
85 89
85 88
88 87
20 87
20 22
75 26
75 78
25 29
26 29
26 27
28 27
32 34
98 99
98 31
99 97
31 34
34 30
6 7
7 8