40 41 42 43 44 45 48 49 38 39 35 36 37 33 34 32 31 3 9 14 20 29 30 21 26 22 23 24 28 25 27 10 18 0 11 5 1 2 17 50 53 58 51 55 52 63 56 59 7 8 16 4 6 12 13 15 61 69 76 78 79 85 87 89 91 92 66 70 72 74 98 80 81 97 93 99 94 88 83 96 84 95
40 42
40 49
40 41
40 45
40 39
41 44
42 43
43 48
38 37
38 39
35 34
35 36
36 37
33 34
33 32
32 31
31 30
3 14
3 0
3 11
3 20
9 14
20 27
20 29
20 26
29 23
29 30
21 26
26 25
22 25
23 28
24 28
10 18
18 2
11 15
5 7
1 2
1 16
1 8
2 15
2 4
17 76
17 13
17 53
50 58
50 56
53 55
53 58
58 52
51 61
51 55
63 61
56 59
7 6
4 6
4 13
12 13
69 79
69 85
76 78
78 72
78 74
78 70
78 66
79 74
85 96
85 99
85 91
87 81
87 93
89 92
89 80
91 92
92 83
98 80
98 93
97 99
94 88
88 83
96 95
84 95