0 1 2 3 4 5 6 7 8 9 10 11 12 13 14 15 16 17 18 19 20 21 22 23 24 25 26 27 28 29 30 64 65 66 35 73 74 75 36 76 77 80 37 81 82 83 84 85 38 90 43 31 32 51 33 53 54 55 56 57 34 67 68 96 40 97 98 99 91 39 92 93 94 95
0 1
1 2
2 3
3 4
4 5
5 6
6 7
7 8
8 9
9 10
10 11
11 12
12 13
13 64
13 65
13 66
13 14
14 37
14 15
14 35
14 36
14 38
15 16
15 32
15 31
15 33
15 34
16 39
16 40
16 17
17 18
17 67
17 68
18 19
19 20
20 21
21 22
22 23
23 24
24 25
25 26
26 27
27 28
28 29
29 30
35 73
35 74
35 75
36 77
36 76
36 80
37 84
37 85
37 83
37 81
37 82
38 90
43 31
32 51
33 53
33 54
33 55
33 56
33 57
96 40
40 98
40 97
40 99
91 39
39 92
39 93
39 94
39 95