24 89 22 23 82 87 73 74 75 79 80 56 57 54 55 1 2 37 38 32 66 67 68 16 45 46 93 94 83 84 85 49 7 8 15 17 18 19 14 76 39 40 41 96 97 95 69 58 59 91 92 65 64 53 25 33 86 27 28 88 72 81 29 9 70 20 42 31 13 62 63 43 90 48 50 51 60 61 4 3 98 77 52 26
24 87
24 82
24 89
22 23
22 56
87 65
87 88
87 86
73 69
73 72
74 75
75 80
75 76
79 57
79 38
79 80
79 7
80 93
56 57
56 55
57 16
54 55
1 2
1 25
2 19
37 38
38 39
38 98
32 33
32 31
66 65
66 67
67 58
67 68
67 53
68 16
68 4
16 15
16 17
45 33
46 94
46 64
93 94
93 92
94 95
83 84
84 43
84 85
84 49
85 97
49 48
49 60
8 28
8 9
15 14
17 18
18 19
14 13
14 51
76 77
39 70
39 40
40 41
96 95
96 97
96 69
97 59
58 81
91 92
91 90
25 33
25 26
27 28
28 52
72 29
70 20
42 43
13 63
62 61
62 63
50 51
4 3
77 52