27 82 66 37 0 68 11 19 83 31 33 30 38 9 55 58 2 74 90 6 91 34 16 46 75 73 20 52 13 96 4 35 5 43 54 36 12 50 71 42 81 76 28 7 92 49 93 86 88 18 85 51 84 22 15 40 79 1 56 64 70 59 98 80 48 24 29 97 60 61 95 87 41 25 65 94 99 69 8 57 26 44 45 53 3 63
27 42
82 66
82 11
82 37
0 13
0 83
0 71
0 81
0 86
68 25
68 19
68 11
68 95
68 74
11 30
11 9
83 31
83 76
31 28
31 64
31 99
33 30
30 34
30 20
38 85
55 58
58 59
2 74
74 90
74 7
74 26
6 91
6 94
91 88
34 51
34 46
34 16
75 51
73 52
20 52
20 18
20 98
20 94
96 4
96 7
35 40
35 43
35 5
5 8
43 93
43 54
54 53
36 57
36 12
12 50
50 45
42 81
81 25
28 49
7 84
7 92
92 3
49 93
49 22
18 85
51 48
15 40
79 24
1 56
56 70
56 64
70 61
59 60
59 87
98 29
80 41
48 24
48 97
24 65
95 41
87 94
65 57
65 63
99 69
26 44