8 6 7 9 19 39 17 49 27 29 38 0 1 2 3 4 5 10 20 30 15 16 12 22 23 24 25 26 21 11 69 59 37 47 40 50 33 34 35 45 46 89 79 57 58 68 48 42 43 44 67 77 88 65 66 51 52 53 54 55 56 32 96 97 98 80 90 91 92 93 94 95 71 72 73 74 75 76 61 64 81 63 62 70 60 85 86 87 84
8 9
8 7
6 7
6 5
7 17
9 19
39 29
39 49
39 38
17 16
17 27
49 59
49 48
27 29
27 26
27 37
0 1
0 10
1 11
1 2
2 12
2 3
3 4
4 5
5 15
10 20
20 30
15 25
22 11
22 21
22 23
22 33
22 32
24 25
25 35
69 79
69 68
69 59
47 57
47 48
47 46
40 50
50 51
50 60
33 34
33 43
35 45
89 88
89 79
57 56
58 68
42 52
42 32
43 44
67 77
77 88
77 66
77 76
88 98
65 66
65 55
51 52
51 61
52 53
52 62
53 54
53 63
54 64
96 97
96 86
97 98
97 87
80 90
80 81
80 70
90 91
91 92
92 93
93 94
94 95
94 84
71 61
72 81
72 73
74 75
74 84
70 60
85 86