0 10 21 25 27 1 23 16 28 30 2 6 20 31 32 3 22 11 34 35 4 13 38 39 5 9 40 42 43 44 45 7 8 46 48 15 50 51 18 52 54 56 57 59 60 12 61 62 19 65 14 67 68 70 72 74 75 17 78 79 80 24 83 84 87 88 89 90 94 95 97 98
0 25
0 27
10 57
10 56
21 88
21 89
21 90
27 34
1 28
1 30
23 94
23 95
16 74
16 75
28 31
30 94
2 32
2 31
6 44
6 43
6 45
20 87
3 34
3 35
22 15
11 60
11 59
34 43
35 40
35 68
4 39
4 38
13 65
38 45
5 42
5 40
9 54
9 52
7 48
7 46
8 50
8 51
48 89
15 72
15 70
51 98
18 79
18 80
54 84
54 98
56 60
59 75
12 61
12 62
62 89
19 84
19 83
65 88
14 68
14 67
67 90
68 87
70 87
74 78
75 87
17 78
80 94
24 97
24 98
83 87
83 95