0 22 39 45 59 76 1 66 84 86 2 24 49 3 55 67 4 27 5 61 65 6 47 72 9 57 92 10 53 96 11 25 12 36 80 13 91 14 15 63 16 81 87 18 75 70 50 69 77 29 30 58 94 32 40 68 34 52 37 93 38 56 73 99 60 78
0 76
0 22
22 63
39 50
45 59
45 3
59 68
59 27
59 5
1 84
66 91
84 92
86 61
2 24
2 49
24 18
49 99
3 55
55 87
67 68
4 27
5 61
61 6
61 25
65 53
65 80
6 72
47 14
72 37
9 57
9 92
57 14
57 99
92 10
10 96
53 69
53 58
96 50
96 70
11 25
25 50
25 69
12 36
12 80
36 13
13 91
15 63
63 30
16 87
16 81
87 52
87 60
18 75
70 56
70 29
77 38
30 58
30 94
32 40
40 56
34 52
52 78
37 93
93 38
73 60