68 37 41 26 60 28 91 17 33 1 50 76 2 3 69 51 53 23 90 84 9 10 82 58 73 18 86 62 38 25 27 97 5 67 52 59 35 15 70 42 34 31 4 43 96 66 49 13 78 57 0 74 40 81 45 85 79 95 22 61 12 29 88 98 32 63 7 80 75 55 8 47 87 65 16 14
68 60
68 26
37 41
37 70
37 60
41 28
41 31
26 1
60 52
28 84
28 91
17 29
17 78
33 86
1 69
50 76
50 63
76 51
2 3
3 58
69 59
69 87
51 23
53 25
53 86
23 78
90 84
90 96
84 0
9 34
9 31
10 43
10 82
58 40
58 31
58 78
73 12
73 18
73 95
18 49
18 80
86 62
38 27
38 13
25 27
25 5
27 47
27 88
97 5
5 4
67 52
59 15
59 61
35 75
42 13
43 96
66 79
78 47
78 45
57 0
74 7
74 75
40 81
81 7
81 85
45 16
85 32
79 95
22 88
22 55
22 8
61 98
12 7
7 65
65 14