0 17 12 7 56 81 99 51 88 25 6 9 77 14 78 16 49 26 59 32 10 5 27 28 96 74 19 89 90 1 38 92 48 53 29 11 93 57 46 54 40 87 64 36 73 44 33 65 41 67 60 95 15 72 76 50 66 79 61 8 80 47 39 83
0 12
17 78
12 56
12 15
12 81
12 88
7 74
7 32
7 99
56 54
56 44
81 66
99 9
99 79
51 25
88 25
6 65
6 14
77 14
77 64
78 5
16 26
16 59
16 49
59 33
32 87
10 19
10 60
5 28
27 53
27 11
28 15
28 96
96 47
96 83
96 19
74 89
19 89
90 33
1 38
38 92
38 29
92 67
48 53
53 29
53 41
11 93
11 72
93 57
57 39
46 54
40 66
64 66
36 73
36 95
73 33
73 41
73 44
65 61
76 50
50 83
61 8
8 80