81 88 99 50 59 3 9 63 2 6 86 53 78 87 16 68 90 44 58 23 41 95 65 61 37 34 84 46 21 29 71 60 72 43 22 0 55 93 28 24 1 79 13 54 48 75 15 26 32 94 97 47 40 5 56 74 35 11 73 69 98 10 42 83 20 77
81 99
81 50
81 3
88 9
99 29
50 32
50 60
50 55
59 20
3 54
9 93
9 53
63 40
63 11
2 87
2 6
6 22
86 65
86 46
78 69
87 1
87 28
16 68
68 44
90 58
90 72
44 41
58 29
58 15
23 75
41 65
95 35
95 42
65 11
65 74
61 56
37 42
34 1
34 56
34 73
84 15
21 93
21 0
71 73
60 11
72 94
72 83
43 77
0 32
0 26
93 1
93 47
93 97
28 24
28 79
24 5
1 13
1 75
79 98
54 48
40 35
5 69
74 10
35 20
83 77