0 11 6 25 26 27 1 8 28 29 30 2 14 24 32 33 3 17 35 4 21 23 37 38 5 18 40 41 42 12 43 7 16 10 46 47 15 13 19 49 51 9 22 54 55 56 57 20 59 60 69 70 74 75 78 79 85 86 89 90 97 99
0 25
0 27
0 26
11 59
11 60
6 43
26 97
1 30
1 29
1 28
8 51
8 49
8 13
8 19
28 79
30 99
2 32
2 33
14 69
14 12
24 97
24 99
33 55
3 35
17 78
17 22
35 69
4 38
4 37
4 23
21 90
21 89
38 49
5 41
5 40
5 42
18 79
41 85
42 60
43 46
7 47
7 46
16 75
16 74
10 56
10 55
10 57
47 86
15 70
49 70
51 90
9 54
54 55
56 78
57 74
20 85
20 86
59 75
69 78
74 89
78 79