91 92 94 95 84 86 87 89 90 85 78 80 81 83 82 72 74 75 77 73 76 66 68 69 71 67 70 65 60 62 64 56 57 58 59 49 53 54 50 52 42 44 47 48 46 41 37 40 36 38 32 33 35 30 34 24 26 27 29 20 22 23 18 17 12 14 16 6 8 11 0 4 5 2
91 94
92 90
92 94
94 95
84 86
84 89
84 83
86 87
89 85
89 90
78 83
78 82
78 77
80 81
80 82
72 77
72 71
72 74
72 76
74 75
73 76
66 71
66 68
66 65
68 69
68 70
67 70
65 64
60 62
60 59
60 64
56 57
56 58
58 59
58 54
49 52
53 48
53 54
53 52
50 52
42 44
42 47
42 46
42 41
47 48
41 37
37 40
40 36
36 38
36 35
32 33
32 30
35 30
30 34
30 29
24 26
24 23
24 29
26 27
20 22
20 18
22 23
18 17
17 16
17 12
12 14
12 11
6 4
6 11
6 8
0 4
0 5
0 2