80 17 68 66 20 23 35 88 97 43 14 60 93 72 12 81 21 85 89 4 15 36 11 83 32 90 2 38 22 48 30 76 92 9 77 61 34 71 25 55 39 91 65 28 62 67 13 16 44 63 49 99 31 24 57 33 3 74 95 54 5 75 86 73 82
80 68
80 23
17 33
17 5
17 68
68 14
68 4
66 20
20 72
23 88
23 54
35 88
35 71
88 73
97 43
97 16
97 25
43 60
14 93
14 11
60 93
93 44
72 21
72 12
72 13
72 76
12 91
12 62
81 55
81 32
21 85
21 89
4 38
4 15
4 92
15 32
15 34
36 39
36 83
11 83
11 65
83 61
32 90
2 38
38 75
38 82
22 67
48 63
48 30
48 77
76 28
76 92
9 91
77 67
77 31
28 49
13 95
13 74
63 49
99 31
24 3
57 33
3 54
75 86