0 2 18 19 21 29 52 62 98 73 9 33 53 74 3 6 11 23 65 4 24 31 55 61 5 28 96 44 7 8 47 68 97 12 72 32 85 10 42 48 56 86 50 78 63 58 16 37 80 45 46 59 43 99 66 26 35 75 39 90 95
0 98
0 18
0 21
2 33
18 61
19 52
19 59
19 72
19 9
21 43
29 26
29 98
29 86
52 75
52 63
52 68
62 56
62 24
98 66
73 39
33 26
53 3
74 26
74 75
3 23
3 11
6 44
6 31
23 99
23 42
65 50
65 97
4 61
24 44
24 42
24 58
55 99
5 28
5 96
28 8
44 59
7 97
7 8
7 47
8 72
68 85
97 37
97 46
12 50
32 45
10 48
10 56
48 39
56 78
58 90
16 37
16 80
45 35
59 35
99 95