0 49 84 1 15 86 80 2 76 3 44 10 4 52 5 6 53 35 13 41 58 46 9 78 81 65 12 37 16 54 83 17 18 19 79 21 22 45 62 75 25 27 32 28 42 61 90 91 92 63 68 48 50 51 56 72 66 77 64 73
0 49
0 84
49 46
49 50
84 56
1 15
1 62
15 72
15 32
86 83
86 64
80 45
80 41
2 76
76 62
3 10
44 77
44 65
10 81
10 9
4 42
52 91
52 73
5 18
6 53
6 35
53 25
35 75
13 45
58 18
78 83
81 72
65 56
65 25
12 17
12 37
37 16
16 83
16 54
54 68
83 90
18 73
19 21
19 79
21 68
22 45
22 62
25 63
27 32
28 63
42 92
61 92
61 77
90 66
68 48
68 73
51 56
56 72
72 64