81 82 61 62 40 41 87 24 80 38 9 83 84 54 11 75 23 77 10 68 50 27 28 16 85 86 88 18 35 48 55 59 60 36 72 51 58 31 56 42 1 2 45 13 44 46 47 64 63 7 8 19 20 78 32 71 15 76 69 39 37 52 53 12 14 34 4 5 6 3 17 43
81 82
81 80
82 83
61 87
61 62
61 60
62 8
62 63
40 41
40 24
40 39
41 36
24 23
24 50
24 68
80 84
38 54
38 9
38 37
9 84
9 10
84 85
54 53
11 23
11 10
11 77
11 75
11 12
23 72
23 7
77 76
68 28
68 69
27 46
16 78
16 15
85 86
88 5
18 17
18 19
35 55
35 48
35 58
48 59
48 47
55 56
59 60
72 71
72 45
51 31
58 71
58 31
58 6
31 32
42 43
1 2
1 13
2 3
45 46
45 44
45 13
13 14
44 43
64 63
7 20
19 20
15 14
52 53
34 6
4 5
5 6