97 98 99 96 95 93 91 92 89 90 87 85 86 2 3 5 6 8 9 11 12 14 15 17 18 20 21 23 24 26 27 29 30 32 33 35 36 38 39 41 42 44 45 47 48 50 51 53 54 56 57 59 60 62 63 65 66 68 69 71 72 74 75 77 78 80 81 83 84 7 79 22 64 25 61 31 37 43
97 96
97 98
98 99
96 95
95 93
93 92
91 90
91 92
89 90
89 87
87 86
85 84
86 84
2 3
3 5
5 6
6 8
8 7
8 9
9 11
11 12
12 14
14 15
15 17
17 18
18 20
20 21
21 22
23 22
23 24
24 26
26 25
26 27
27 29
29 30
30 32
32 33
32 31
33 35
35 36
36 38
38 37
38 39
39 41
41 42
42 44
44 43
44 45
45 47
47 48
48 50
50 51
51 53
53 54
54 56
56 57
57 59
59 60
60 61
62 63
62 61
63 64
65 64
65 66
66 68
68 69
69 71
71 72
72 74
74 75
75 77
77 78
78 79
80 81
80 79
81 83
83 84