80 78 79 81 82 76 77 83 84 85 74 75 86 87 72 73 88 89 70 71 90 91 68 69 92 93 66 67 94 95 64 65 96 97 62 63 98 0 1 99 60 61 2 3 4 5 6 7 8 9 10 11 12 13 14 15 16 17 18 19 20 21 22 23 24 25 26 27 28 29 30 31 32 33 34 35 36 37 38 39 40 41 42 43 44 45 46 47 48 49 50 51 52 53 54 55 56 57 58
80 81
80 79
78 79
78 77
81 82
82 83
76 77
76 75
83 84
84 85
85 86
74 75
74 73
86 87
87 88
72 73
72 71
88 89
89 90
70 71
70 69
90 91
91 92
68 69
68 67
92 93
93 94
66 67
66 65
94 95
95 96
64 65
64 63
96 97
97 98
62 63
62 61
98 99
0 1
1 99
1 2
60 61
2 3
3 4
4 5
5 6
6 7
7 8
8 9
9 10
10 11
11 12
12 13
13 14
14 15
15 16
16 17
17 18
18 19
19 20
20 21
21 22
22 23
23 24
24 25
25 26
26 27
27 28
28 29
29 30
30 31
31 32
32 33
33 34
34 35
35 36
36 37
37 38
38 39
39 40
40 41
41 42
42 43
43 44
44 45
45 46
46 47
47 48
48 49
49 50
50 51
51 52
52 53
53 54
54 55
55 56
56 57
57 58