0 5 21 23 25 27 1 8 15 28 29 30 2 3 13 33 34 35 4 9 14 37 38 39 42 6 12 43 44 7 46 22 49 50 51 52 53 54 10 18 55 56 57 11 59 60 62 16 66 68 69 20 24 70 71 73 74 75 17 76 77 80 81 19 82 83 84 85 86 87 88 92 93 94 95 96 98 99
0 27
0 25
5 42
21 88
23 94
23 95
23 96
27 49
1 29
1 28
1 30
8 49
8 51
8 50
15 70
15 71
28 95
2 33
3 34
3 35
13 66
33 51
34 70
4 39
4 37
4 38
9 54
9 52
9 53
14 68
14 69
37 59
42 80
6 44
6 43
12 62
43 88
44 95
7 46
46 51
22 93
22 92
49 54
52 62
53 66
10 55
10 57
10 56
18 80
18 81
56 93
11 60
11 59
60 75
16 75
16 73
16 74
66 84
68 93
69 76
69 71
20 86
20 85
20 87
24 99
24 98
70 94
70 86
74 98
17 77
17 76
81 87
19 83
19 82
19 84
83 98
88 99