0 19 24 25 26 27 1 20 8 28 30 2 11 7 31 3 35 36 4 9 10 13 37 38 39 5 41 42 6 44 45 47 48 21 49 12 52 53 14 15 55 57 60 61 62 63 16 64 65 67 68 70 72 18 74 17 23 76 78 22 82 83 84 85 87 89 90 91 92 94 95 98 99
0 26
0 27
0 25
19 83
19 82
19 84
19 18
24 99
24 98
26 42
1 30
1 28
20 87
8 49
28 38
2 31
11 60
7 47
7 48
31 35
31 44
3 36
3 35
35 95
35 47
36 39
4 37
4 38
9 52
9 53
10 57
10 55
13 65
13 64
37 39
5 41
5 42
41 67
6 45
6 44
45 63
47 55
47 85
48 91
48 68
21 89
21 90
49 83
12 62
12 61
52 62
14 67
14 68
15 70
15 72
55 60
61 64
16 74
64 83
70 74
72 89
17 78
17 76
23 95
23 94
76 84
78 90
22 92
22 91
82 94
83 98
87 95