0 98 96 91 92 93 66 74 75 47 82 88 57 81 87 89 90 29 38 67 76 83 39 49 58 30 68 69 77 84 59 33 2 3 6 40 41 9 14 20 26 4 7 12 16 17 22 78 32 18 25 5 13 24 31 8 23 70 42 52 62 71 64 35 44 21 54 27 34 43 19 63 28
0 98
98 96
96 93
96 92
91 92
92 87
92 88
66 74
66 58
74 75
74 81
75 76
75 68
75 82
47 57
47 38
82 88
89 90
90 84
29 22
29 30
29 38
67 59
76 77
76 83
83 84
39 30
39 49
39 31
49 40
49 59
68 59
69 77
77 78
77 70
33 26
33 25
33 34
33 41
2 3
3 6
6 9
40 41
41 42
41 32
9 14
9 8
14 20
14 13
20 21
20 26
20 19
4 5
4 7
7 12
7 8
16 22
17 23
17 18
78 71
18 13
24 31
42 52
52 62
52 43
64 54
35 34
35 28
44 54
44 43
21 27
54 63