0 34 40 14 59 92 69 9 38 54 53 22 67 7 8 42 94 72 13 74 16 77 20 37 91 41 93 44 99 47 36 25 90 5 61 31 50 35 48 3 30 45 56 60 66 15 39 52 6 83 29 27 97 89 81 51 24 43 95 46 98 33 58
0 90
0 89
0 22
0 91
0 81
0 14
0 74
0 72
0 83
0 98
0 97
0 92
34 59
34 14
40 92
14 54
14 38
69 9
9 61
53 44
53 22
67 7
7 61
7 31
7 5
8 42
8 31
42 94
13 30
16 45
77 20
20 50
37 30
37 35
41 48
41 93
44 35
44 3
44 31
99 47
47 35
36 25
25 50
25 6
25 5
5 39
5 52
5 15
5 66
48 56
48 3
45 60
56 60
6 29
29 27
81 24
51 24
24 43
24 33
43 95
46 58
33 58