80 90 96 97 98 99 69 39 59 79 49 29 19 89 91 92 93 94 95 70 71 81 50 51 60 61 0 1 2 3 4 5 6 40 7 10 8 9 20 30 68 78 82 84 85 86 87 88 83 58 38 48 28 41 11 12 13 14 21 31 15 16 17 18 72 73 52 62 75 76 77 67 74 57 32 42 22 23 24 26 37 27 47 25 64 65 66 53 63 56 46 43 34 55 54 33 35 36
80 90
80 70
90 91
96 97
96 95
97 98
98 99
99 89
69 79
69 59
39 29
39 49
59 49
59 58
79 89
29 19
19 9
91 92
92 93
93 94
94 95
70 60
71 81
71 61
81 82
50 60
50 40
51 61
51 41
0 1
0 10
1 2
2 3
3 4
5 6
6 7
40 30
7 8
10 20
8 9
20 30
68 78
68 58
78 88
82 83
84 83
84 85
85 86
85 74
86 87
87 88
58 48
38 28
38 48
28 18
41 31
11 12
11 21
12 13
13 14
21 31
15 16
16 17
17 18
72 62
72 73
73 74
52 62
52 42
52 53
75 76
75 74
76 77
77 67
67 57
57 47
32 22
32 42
22 23
23 24
26 27
26 25
37 27
37 47
64 63
64 65
64 55
65 66
66 56
53 63
53 43
56 46
46 36
43 33
34 33
55 54
35 36