0 14 23 19 26 27 1 2 3 28 29 30 32 16 34 36 4 10 37 39 5 17 20 41 42 6 15 12 43 44 45 7 9 47 8 18 49 50 51 52 53 24 55 56 57 11 58 62 63 13 22 64 67 69 70 71 72 73 75 77 78 79 80 81 82 84 85 86 87 21 88 91 92 93 96 97 99
0 26
0 27
14 69
14 67
23 96
19 84
19 82
26 82
27 52
1 28
1 29
1 30
2 32
3 36
3 34
28 34
29 32
30 67
16 75
16 73
36 45
36 64
4 37
4 39
10 56
10 57
10 55
39 63
5 42
5 41
17 77
17 78
20 86
20 87
20 85
41 58
41 62
6 44
6 45
6 43
15 70
15 71
15 72
12 63
12 62
43 93
44 73
45 97
7 47
9 53
9 52
47 71
8 49
8 50
8 51
18 81
18 79
18 80
50 81
51 96
52 64
24 99
24 97
55 78
56 80
57 62
11 58
13 64
22 92
22 93
22 91
71 81
80 88
81 99
87 91
21 88