0 7 4 25 26 27 1 29 2 17 23 22 31 32 33 3 13 35 5 39 12 42 6 15 8 43 46 47 48 24 49 9 52 53 10 21 56 57 11 20 58 59 60 63 64 65 66 14 18 68 69 70 16 73 75 19 76 78 79 81 82 84 89 94 95 96 97
0 26
0 25
0 27
7 48
7 46
7 47
4 39
25 75
25 84
26 48
27 39
1 29
29 81
2 31
2 32
2 33
17 78
17 76
23 96
23 94
23 95
22 10
31 97
33 47
3 35
13 65
13 66
13 64
13 20
35 94
5 42
12 63
42 95
42 49
42 65
6 43
15 70
8 49
43 97
46 69
48 59
48 70
48 63
24 97
9 52
9 53
53 73
53 66
10 56
10 57
10 21
21 89
56 75
56 76
11 59
11 60
11 58
64 81
14 68
14 69
18 81
18 79
16 75
16 73
19 84
19 82