2 3 6 7 8 9 10 12 13 16 17 18 19 20 21 22 23 24 27 28 30 31 32 33 37 40 43 46 48 52 53 54 55 57 59 60 62 63 64 65 67 68 70 71 73 74 75 77 78 79 80 81 82 84 85 86 88 90 91 93 95 96 97 98
2 6
3 65
6 74
6 7
7 63
7 68
7 8
9 10
9 95
10 57
12 64
13 53
16 17
17 52
17 19
18 32
19 62
19 46
20 21
20 95
20 86
21 22
22 90
23 24
23 64
24 81
27 28
27 80
30 59
31 88
31 93
32 33
33 75
37 88
40 48
43 62
48 80
53 68
54 55
54 85
59 60
60 86
62 91
62 78
62 63
63 93
64 65
64 98
67 74
67 82
70 96
70 71
73 96
74 75
77 78
77 84
78 79
79 80
80 81
84 85
91 96
95 96
96 97