0 2 5 54 56 71 78 1 30 37 63 66 70 94 7 10 55 85 15 84 43 38 50 92 6 16 65 98 99 8 23 52 72 9 19 27 44 76 81 36 12 34 75 83 13 51 61 97 14 22 67 96 18 60 17 21 28 46 53 82 42 73 79 80 49 74 31 91 57
0 56
2 55
2 85
5 38
54 55
54 18
54 75
54 30
54 37
56 27
71 78
71 57
78 30
78 61
1 94
1 63
63 53
63 49
63 6
66 53
70 72
70 91
94 79
94 42
94 81
7 92
10 81
55 98
15 96
15 65
84 91
43 98
43 73
43 21
38 13
50 73
92 76
92 36
6 99
16 67
8 23
23 19
52 57
9 27
9 76
9 19
19 96
27 22
27 74
44 60
44 51
76 75
81 31
12 75
34 42
75 80
83 49
13 61
51 14
97 82
22 79
67 82
96 82
60 91
60 74
17 28
17 46
28 74