1 14 36 67 72 85 91 4 11 34 53 93 2 59 61 38 71 63 79 43 80 90 6 27 37 81 52 84 94 8 24 40 44 10 46 57 58 75 13 30 60 62 70 89 45 49 17 47 18 41 19 48 78 28 74 42 83 92 31 32 69 54 77 82
1 11
14 89
36 69
36 13
36 91
67 74
67 84
72 8
85 31
85 90
4 79
4 11
11 75
34 17
34 37
53 84
93 38
93 61
2 59
2 61
61 54
71 24
63 37
43 62
43 58
80 54
80 32
90 60
6 27
6 81
27 89
37 78
37 54
37 52
81 44
52 94
94 70
8 24
24 74
40 75
40 69
10 58
10 57
46 62
57 70
57 48
57 74
57 77
30 31
60 82
89 82
45 83
45 74
49 92
17 47
18 41
41 77
19 78
48 42
28 92
42 92
31 32
32 69