44 45 41 42 43 39 40 46 47 48 38 49 37 50 36 51 52 34 35 53 54 32 33 55 31 56 29 30 57 58 28 59 27 60 26 61 25 24 62 63 22 23 64 65 21 20 66 67 18 19 17 0 1 2 3 4 5 6 7 8 9 10 11 12 13 14 15 16 70 71 72 73 74 75 76 77 78 79 80 81 82 83 84 85 86 87 88 89 90 91 92 93 94 95 96 97 98 99
44 45
44 43
45 46
41 40
41 42
42 43
39 38
39 40
46 47
47 48
48 49
38 37
49 50
37 36
50 51
36 35
51 52
52 53
34 33
34 35
53 54
54 55
32 31
32 33
55 56
31 30
56 57
29 28
29 30
57 58
58 59
28 27
59 60
27 26
60 61
26 25
61 62
25 24
24 23
62 63
63 64
22 21
22 23
64 65
65 66
21 20
20 19
66 67
18 17
18 19
17 16
0 1
0 99
1 2
2 3
3 4
4 5
5 6
6 7
7 8
8 9
9 10
10 11
11 12
12 13
13 14
14 15
15 16
70 71
71 72
72 73
73 74
74 75
75 76
76 77
77 78
78 79
79 80
80 81
81 82
82 83
83 84
84 85
85 86
86 87
87 88
88 89
89 90
90 91
91 92
92 93
93 94
94 95
95 96
96 97
97 98
98 99