0 7 4 44 74 75 76 78 79 83 85 88 89 92 94 95 97 98 1 3 2 66 63 50 30 5 38 6 20 8 18 49 9 15 10 62 61 70 13 40 14 53 73 64 17 32 19 54 21 65 22 72 23 24 55 25 27 28 56 51 29 36
0 44
0 92
0 74
0 4
0 89
0 98
0 7
0 94
0 79
0 88
0 76
0 85
4 30
44 15
44 53
75 2
78 5
83 10
94 24
95 25
97 28
1 3
3 63
3 50
2 66
66 10
63 23
50 40
50 53
30 27
5 38
38 62
38 22
6 20
20 70
8 49
8 18
49 17
9 15
15 64
10 62
10 61
61 25
61 29
70 17
13 40
40 36
14 73
14 53
17 32
32 36
32 29
19 54
54 27
21 65
65 25
65 51
22 72
24 55
28 56
28 51