91 79 5 58 2 3 14 99 32 37 15 88 61 89 50 73 10 63 17 55 48 75 60 29 95 40 92 57 65 72 33 21 31 82 86 71 70 98 4 69 51 80 96 27 66 45 13 47 25 94 41 83 30 34 76 7 26 1 77 19 12 84 16
91 92
91 96
91 79
5 84
5 88
5 71
58 65
2 30
3 12
14 69
14 96
99 7
99 80
99 88
32 72
32 95
37 82
37 57
37 95
15 27
88 61
89 31
50 33
50 80
73 55
10 76
10 70
63 17
17 82
17 1
55 66
48 80
75 30
75 60
29 57
95 12
95 16
40 16
92 19
92 70
57 34
65 30
65 34
65 26
33 45
33 51
21 12
31 98
31 71
86 77
86 41
71 47
4 26
69 94
27 16
66 45
45 76
13 47
25 1
41 83
34 77
76 12