0 15 26 27 1 17 18 29 2 19 32 3 6 34 36 4 10 37 38 39 5 40 41 42 12 44 7 13 46 48 8 49 50 51 9 52 53 55 56 57 11 58 59 60 16 63 64 65 14 20 67 68 69 23 70 72 74 75 76 21 24 80 81 82 84 22 97 98
0 26
0 27
15 72
15 70
15 23
26 36
27 57
1 29
17 76
18 80
18 81
18 21
29 34
2 32
19 84
19 82
32 84
3 34
3 36
6 44
34 44
4 39
4 37
4 38
10 57
10 56
10 55
37 53
38 58
38 72
5 40
5 42
5 41
40 58
12 63
44 97
7 46
7 48
13 65
46 84
48 69
48 60
8 50
8 49
8 51
50 56
9 52
9 53
52 55
52 76
11 60
11 59
11 58
59 64
59 81
59 63
60 98
16 74
16 75
64 74
65 68
14 69
14 67
14 68
14 20
24 98
24 22