38 39 40 41 42 46 47 48 43 34 49 36 37 7 8 11 13 14 24 35 33 0 1 2 98 96 97 44 45 18 19 50 55 88 89 57 22 23 15 16 20 21 9 10 12 3 25 32 30 31 70 71 79 82 83 84 85 90 27 92 91 56 58 6 4 26 28 69 94 95 99 86 17 87 64 74 75 60 76 66 68 67 72 73 80 81
38 47
38 24
38 37
39 40
39 7
40 42
41 42
42 34
42 43
46 47
46 48
34 49
34 36
34 33
7 8
7 6
7 15
8 11
11 12
13 14
13 12
14 24
14 23
24 22
35 33
35 32
0 1
0 2
0 4
1 98
2 18
2 68
98 96
96 97
97 88
44 45
44 19
18 16
18 17
19 20
50 55
55 57
55 56
55 58
88 74
89 57
89 90
15 16
20 21
20 25
20 3
9 10
10 25
10 12
25 26
25 27
25 28
32 30
32 31
70 71
70 27
70 69
71 79
79 82
79 80
79 81
79 75
82 85
83 85
83 84
84 99
84 86
84 92
90 92
92 91
69 94
94 95
86 87
64 74
64 73
74 72
75 60
75 76
66 68
68 67