33 1 35 36 37 3 4 5 6 7 27 30 31 32 8 9 10 11 14 12 18 19 20 26 29 21 22 15 24 25 40 58 59 60 65 68 75 79 38 28 13 23 0 39 2 16 69 70 61 62 41 43 44 55 50 64 45 46 49 53 48 66
33 37
33 35
1 37
1 3
1 2
1 0
35 36
3 4
4 5
4 29
5 6
6 8
6 7
6 39
7 27
27 31
30 31
31 32
8 9
9 28
10 14
11 14
11 12
14 15
12 13
18 23
18 19
18 26
19 20
20 21
20 22
26 29
15 16
15 24
24 25
25 40
40 41
40 68
58 60
58 59
59 79
59 61
60 75
65 79
68 75
38 28
39 16
69 62
70 62
70 61
41 64
41 44
43 50
43 55
44 55
44 46
45 49
45 66
45 46
46 48
49 53